{"/home/toofytroll/Projets/chartman2/frontend-next/components/Base/BaseAvatar.vue": {"path":"/home/toofytroll/Projets/chartman2/frontend-next/components/Base/BaseAvatar.vue","statementMap":{"0":{"start":{"line":34,"column":0},"end":{"line":34,"column":null}},"1":{"start":{"line":35,"column":0},"end":{"line":35,"column":null}},"2":{"start":{"line":42,"column":0},"end":{"line":42,"column":null}},"3":{"start":{"line":49,"column":0},"end":{"line":49,"column":null}},"4":{"start":{"line":52,"column":0},"end":{"line":52,"column":null}},"5":{"start":{"line":58,"column":0},"end":{"line":58,"column":null}},"6":{"start":{"line":62,"column":0},"end":{"line":62,"column":null}},"7":{"start":{"line":64,"column":0},"end":{"line":64,"column":null}},"8":{"start":{"line":43,"column":0},"end":{"line":43,"column":null}},"9":{"start":{"line":44,"column":0},"end":{"line":44,"column":null}},"10":{"start":{"line":45,"column":0},"end":{"line":45,"column":null}},"11":{"start":{"line":46,"column":0},"end":{"line":46,"column":null}},"12":{"start":{"line":47,"column":0},"end":{"line":47,"column":null}},"13":{"start":{"line":42,"column":0},"end":{"line":37,"column":null}}},"fnMap":{"0":{"name":"(anonymous_3)","decl":{"start":{"line":42,"column":0},"end":{"line":42,"column":null}},"loc":{"start":{"line":42,"column":0},"end":{"line":69,"column":null}}},"1":{"name":"(anonymous_4)","decl":{"start":{"line":51,"column":0},"end":{"line":51,"column":null}},"loc":{"start":{"line":51,"column":0},"end":{"line":55,"column":null}}},"2":{"name":"(anonymous_5)","decl":{"start":{"line":57,"column":0},"end":{"line":57,"column":null}},"loc":{"start":{"line":57,"column":0},"end":{"line":59,"column":null}}},"3":{"name":"(anonymous_6)","decl":{"start":{"line":61,"column":0},"end":{"line":61,"column":null}},"loc":{"start":{"line":61,"column":0},"end":{"line":68,"column":null}}}},"branchMap":{"0":{"loc":{"start":{"line":52,"column":0},"end":{"line":52,"column":null}},"type":"binary-expr","locations":[{"start":{"line":52,"column":0},"end":{"line":52,"column":null}},{"start":{"line":52,"column":0},"end":{"line":52,"column":null}}]}},"s":{"0":5,"1":5,"2":5,"3":4,"4":4,"5":4,"6":4,"7":4,"8":5,"9":5,"10":5,"11":5,"12":5,"13":5},"f":{"0":4,"1":4,"2":4,"3":4},"b":{"0":[4,4]}}
,"/home/toofytroll/Projets/chartman2/frontend-next/components/Base/BaseBtn.vue": {"path":"/home/toofytroll/Projets/chartman2/frontend-next/components/Base/BaseBtn.vue","statementMap":{"0":{"start":{"line":17,"column":0},"end":{"line":17,"column":null}},"1":{"start":{"line":20,"column":0},"end":{"line":20,"column":null}},"2":{"start":{"line":21,"column":0},"end":{"line":21,"column":null}},"3":{"start":{"line":22,"column":0},"end":{"line":22,"column":null}},"4":{"start":{"line":23,"column":0},"end":{"line":23,"column":null}},"5":{"start":{"line":24,"column":0},"end":{"line":24,"column":null}}},"fnMap":{"0":{"name":"(anonymous_2)","decl":{"start":{"line":20,"column":0},"end":{"line":20,"column":null}},"loc":{"start":{"line":20,"column":0},"end":{"line":25,"column":null}}}},"branchMap":{},"s":{"0":1,"1":2,"2":2,"3":2,"4":2,"5":2},"f":{"0":1},"b":{}}
,"/home/toofytroll/Projets/chartman2/frontend-next/components/Base/BaseIcon.vue": {"path":"/home/toofytroll/Projets/chartman2/frontend-next/components/Base/BaseIcon.vue","statementMap":{"0":{"start":{"line":8,"column":0},"end":{"line":8,"column":null}},"1":{"start":{"line":11,"column":0},"end":{"line":11,"column":null}},"2":{"start":{"line":12,"column":0},"end":{"line":12,"column":null}}},"fnMap":{},"branchMap":{},"s":{"0":6,"1":12,"2":6},"f":{},"b":{}}
,"/home/toofytroll/Projets/chartman2/frontend-next/components/Base/BaseImage.vue": {"path":"/home/toofytroll/Projets/chartman2/frontend-next/components/Base/BaseImage.vue","statementMap":{"0":{"start":{"line":11,"column":0},"end":{"line":11,"column":null}},"1":{"start":{"line":14,"column":0},"end":{"line":14,"column":null}}},"fnMap":{},"branchMap":{},"s":{"0":1,"1":2},"f":{},"b":{}}
,"/home/toofytroll/Projets/chartman2/frontend-next/components/Base/BaseInformation.vue": {"path":"/home/toofytroll/Projets/chartman2/frontend-next/components/Base/BaseInformation.vue","statementMap":{"0":{"start":{"line":44,"column":0},"end":{"line":44,"column":null}},"1":{"start":{"line":45,"column":0},"end":{"line":45,"column":null}},"2":{"start":{"line":50,"column":0},"end":{"line":50,"column":null}},"3":{"start":{"line":63,"column":0},"end":{"line":63,"column":null}},"4":{"start":{"line":67,"column":0},"end":{"line":67,"column":null}},"5":{"start":{"line":71,"column":0},"end":{"line":71,"column":null}},"6":{"start":{"line":75,"column":0},"end":{"line":75,"column":null}},"7":{"start":{"line":79,"column":0},"end":{"line":79,"column":null}},"8":{"start":{"line":83,"column":0},"end":{"line":83,"column":null}},"9":{"start":{"line":87,"column":0},"end":{"line":87,"column":null}},"10":{"start":{"line":91,"column":0},"end":{"line":91,"column":null}},"11":{"start":{"line":95,"column":0},"end":{"line":95,"column":null}},"12":{"start":{"line":99,"column":0},"end":{"line":99,"column":null}},"13":{"start":{"line":51,"column":0},"end":{"line":51,"column":null}},"14":{"start":{"line":52,"column":0},"end":{"line":52,"column":null}},"15":{"start":{"line":53,"column":0},"end":{"line":53,"column":null}},"16":{"start":{"line":54,"column":0},"end":{"line":54,"column":null}},"17":{"start":{"line":55,"column":0},"end":{"line":55,"column":null}},"18":{"start":{"line":56,"column":0},"end":{"line":56,"column":null}},"19":{"start":{"line":57,"column":0},"end":{"line":57,"column":null}},"20":{"start":{"line":58,"column":0},"end":{"line":58,"column":null}},"21":{"start":{"line":59,"column":0},"end":{"line":59,"column":null}},"22":{"start":{"line":60,"column":0},"end":{"line":60,"column":null}},"23":{"start":{"line":50,"column":0},"end":{"line":47,"column":null}}},"fnMap":{"0":{"name":"(anonymous_3)","decl":{"start":{"line":62,"column":0},"end":{"line":62,"column":null}},"loc":{"start":{"line":62,"column":0},"end":{"line":64,"column":null}}},"1":{"name":"(anonymous_4)","decl":{"start":{"line":66,"column":0},"end":{"line":66,"column":null}},"loc":{"start":{"line":66,"column":0},"end":{"line":68,"column":null}}},"2":{"name":"(anonymous_5)","decl":{"start":{"line":70,"column":0},"end":{"line":70,"column":null}},"loc":{"start":{"line":70,"column":0},"end":{"line":72,"column":null}}},"3":{"name":"(anonymous_6)","decl":{"start":{"line":74,"column":0},"end":{"line":74,"column":null}},"loc":{"start":{"line":74,"column":0},"end":{"line":76,"column":null}}},"4":{"name":"(anonymous_7)","decl":{"start":{"line":78,"column":0},"end":{"line":78,"column":null}},"loc":{"start":{"line":78,"column":0},"end":{"line":80,"column":null}}},"5":{"name":"(anonymous_8)","decl":{"start":{"line":82,"column":0},"end":{"line":82,"column":null}},"loc":{"start":{"line":82,"column":0},"end":{"line":84,"column":null}}},"6":{"name":"(anonymous_9)","decl":{"start":{"line":86,"column":0},"end":{"line":86,"column":null}},"loc":{"start":{"line":86,"column":0},"end":{"line":88,"column":null}}},"7":{"name":"(anonymous_10)","decl":{"start":{"line":90,"column":0},"end":{"line":90,"column":null}},"loc":{"start":{"line":90,"column":0},"end":{"line":92,"column":null}}},"8":{"name":"(anonymous_11)","decl":{"start":{"line":94,"column":0},"end":{"line":94,"column":null}},"loc":{"start":{"line":94,"column":0},"end":{"line":96,"column":null}}},"9":{"name":"(anonymous_12)","decl":{"start":{"line":98,"column":0},"end":{"line":98,"column":null}},"loc":{"start":{"line":98,"column":0},"end":{"line":100,"column":null}}}},"branchMap":{},"s":{"0":4,"1":4,"2":4,"3":71,"4":71,"5":59,"6":59,"7":71,"8":13,"9":71,"10":71,"11":71,"12":71,"13":4,"14":4,"15":4,"16":4,"17":4,"18":4,"19":4,"20":4,"21":4,"22":4,"23":4},"f":{"0":71,"1":71,"2":59,"3":59,"4":71,"5":13,"6":71,"7":71,"8":71,"9":71},"b":{}}
,"/home/toofytroll/Projets/chartman2/frontend-next/components/Blog/BlogInformation.vue": {"path":"/home/toofytroll/Projets/chartman2/frontend-next/components/Blog/BlogInformation.vue","statementMap":{"0":{"start":{"line":76,"column":0},"end":{"line":76,"column":null}},"1":{"start":{"line":77,"column":0},"end":{"line":77,"column":null}},"2":{"start":{"line":84,"column":0},"end":{"line":84,"column":null}},"3":{"start":{"line":85,"column":0},"end":{"line":161,"column":null}},"4":{"start":{"line":198,"column":0},"end":{"line":198,"column":null}},"5":{"start":{"line":84,"column":0},"end":{"line":79,"column":null}}},"fnMap":{"0":{"name":"(anonymous_3)","decl":{"start":{"line":84,"column":0},"end":{"line":84,"column":null}},"loc":{"start":{"line":84,"column":0},"end":{"line":200,"column":null}}},"1":{"name":"(anonymous_4)","decl":{"start":{"line":197,"column":0},"end":{"line":197,"column":null}},"loc":{"start":{"line":197,"column":0},"end":{"line":199,"column":null}}}},"branchMap":{"0":{"loc":{"start":{"line":198,"column":0},"end":{"line":198,"column":null}},"type":"cond-expr","locations":[{"start":{"line":198,"column":0},"end":{"line":198,"column":null}},{"start":{"line":198,"column":0},"end":{"line":198,"column":null}}]}},"s":{"0":2,"1":2,"2":2,"3":3,"4":169,"5":2},"f":{"0":3,"1":169},"b":{"0":[88,81]}}
,"/home/toofytroll/Projets/chartman2/frontend-next/components/Blog/Presentation.vue": {"path":"/home/toofytroll/Projets/chartman2/frontend-next/components/Blog/Presentation.vue","statementMap":{"0":{"start":{"line":100,"column":0},"end":{"line":100,"column":null}},"1":{"start":{"line":101,"column":0},"end":{"line":101,"column":null}},"2":{"start":{"line":103,"column":0},"end":{"line":103,"column":null}},"3":{"start":{"line":106,"column":0},"end":{"line":106,"column":null}},"4":{"start":{"line":107,"column":0},"end":{"line":107,"column":null}},"5":{"start":{"line":110,"column":0},"end":{"line":110,"column":null}},"6":{"start":{"line":112,"column":0},"end":{"line":112,"column":null}},"7":{"start":{"line":116,"column":0},"end":{"line":116,"column":null}},"8":{"start":{"line":117,"column":0},"end":{"line":117,"column":null}},"9":{"start":{"line":119,"column":0},"end":{"line":123,"column":null}},"10":{"start":{"line":120,"column":0},"end":{"line":120,"column":null}},"11":{"start":{"line":122,"column":0},"end":{"line":122,"column":null}},"12":{"start":{"line":127,"column":0},"end":{"line":127,"column":null}},"13":{"start":{"line":129,"column":0},"end":{"line":133,"column":null}},"14":{"start":{"line":130,"column":0},"end":{"line":132,"column":null}},"15":{"start":{"line":131,"column":0},"end":{"line":131,"column":null}},"16":{"start":{"line":135,"column":0},"end":{"line":135,"column":null}},"17":{"start":{"line":139,"column":0},"end":{"line":139,"column":null}},"18":{"start":{"line":108,"column":0},"end":{"line":108,"column":null}}},"fnMap":{"0":{"name":"(anonymous_3)","decl":{"start":{"line":106,"column":0},"end":{"line":106,"column":null}},"loc":{"start":{"line":106,"column":0},"end":{"line":141,"column":null}}},"1":{"name":"(anonymous_4)","decl":{"start":{"line":111,"column":0},"end":{"line":111,"column":null}},"loc":{"start":{"line":111,"column":0},"end":{"line":113,"column":null}}},"2":{"name":"(anonymous_5)","decl":{"start":{"line":115,"column":0},"end":{"line":115,"column":null}},"loc":{"start":{"line":115,"column":0},"end":{"line":124,"column":null}}},"3":{"name":"(anonymous_6)","decl":{"start":{"line":126,"column":0},"end":{"line":126,"column":null}},"loc":{"start":{"line":126,"column":0},"end":{"line":136,"column":null}}},"4":{"name":"(anonymous_7)","decl":{"start":{"line":138,"column":0},"end":{"line":138,"column":null}},"loc":{"start":{"line":138,"column":0},"end":{"line":140,"column":null}}}},"branchMap":{"0":{"loc":{"start":{"line":112,"column":0},"end":{"line":112,"column":null}},"type":"cond-expr","locations":[{"start":{"line":112,"column":0},"end":{"line":112,"column":null}},{"start":{"line":112,"column":0},"end":{"line":112,"column":null}}]},"1":{"loc":{"start":{"line":119,"column":0},"end":{"line":123,"column":null}},"type":"if","locations":[{"start":{"line":119,"column":0},"end":{"line":123,"column":null}},{"start":{"line":121,"column":0},"end":{"line":123,"column":null}}]},"2":{"loc":{"start":{"line":130,"column":0},"end":{"line":132,"column":null}},"type":"if","locations":[{"start":{"line":130,"column":0},"end":{"line":132,"column":null}}]}},"s":{"0":2,"1":2,"2":2,"3":4,"4":6,"5":6,"6":8,"7":2,"8":2,"9":2,"10":1,"11":1,"12":3,"13":3,"14":3,"15":2,"16":3,"17":3,"18":2},"f":{"0":6,"1":8,"2":2,"3":3,"4":3},"b":{"0":[6,2],"1":[1,1],"2":[2]}}
,"/home/toofytroll/Projets/chartman2/frontend-next/components/Blog/Skills.vue": {"path":"/home/toofytroll/Projets/chartman2/frontend-next/components/Blog/Skills.vue","statementMap":{"0":{"start":{"line":38,"column":0},"end":{"line":38,"column":null}},"1":{"start":{"line":39,"column":0},"end":{"line":39,"column":null}},"2":{"start":{"line":40,"column":0},"end":{"line":40,"column":null}},"3":{"start":{"line":47,"column":0},"end":{"line":47,"column":null}},"4":{"start":{"line":48,"column":0},"end":{"line":48,"column":null}},"5":{"start":{"line":51,"column":0},"end":{"line":51,"column":null}},"6":{"start":{"line":47,"column":0},"end":{"line":42,"column":null}}},"fnMap":{"0":{"name":"(anonymous_3)","decl":{"start":{"line":47,"column":0},"end":{"line":47,"column":null}},"loc":{"start":{"line":47,"column":0},"end":{"line":53,"column":null}}},"1":{"name":"(anonymous_4)","decl":{"start":{"line":50,"column":0},"end":{"line":50,"column":null}},"loc":{"start":{"line":50,"column":0},"end":{"line":52,"column":null}}}},"branchMap":{"0":{"loc":{"start":{"line":51,"column":0},"end":{"line":51,"column":null}},"type":"cond-expr","locations":[{"start":{"line":51,"column":0},"end":{"line":51,"column":null}},{"start":{"line":51,"column":0},"end":{"line":51,"column":null}}]}},"s":{"0":2,"1":2,"2":2,"3":2,"4":3,"5":127,"6":2},"f":{"0":3,"1":127},"b":{"0":[73,54]}}
,"/home/toofytroll/Projets/chartman2/frontend-next/components/Home/FadeView.vue": {"path":"/home/toofytroll/Projets/chartman2/frontend-next/components/Home/FadeView.vue","statementMap":{"0":{"start":{"line":10,"column":0},"end":{"line":10,"column":null}},"1":{"start":{"line":13,"column":0},"end":{"line":13,"column":null}}},"fnMap":{},"branchMap":{},"s":{"0":1,"1":2},"f":{},"b":{}}
,"/home/toofytroll/Projets/chartman2/frontend-next/components/Home/HomeAppBar.vue": {"path":"/home/toofytroll/Projets/chartman2/frontend-next/components/Home/HomeAppBar.vue","statementMap":{"0":{"start":{"line":55,"column":0},"end":{"line":55,"column":null}},"1":{"start":{"line":56,"column":0},"end":{"line":56,"column":null}},"2":{"start":{"line":63,"column":0},"end":{"line":63,"column":null}},"3":{"start":{"line":64,"column":0},"end":{"line":64,"column":null}},"4":{"start":{"line":67,"column":0},"end":{"line":71,"column":null}},"5":{"start":{"line":63,"column":0},"end":{"line":58,"column":null}}},"fnMap":{"0":{"name":"(anonymous_3)","decl":{"start":{"line":63,"column":0},"end":{"line":63,"column":null}},"loc":{"start":{"line":63,"column":0},"end":{"line":74,"column":null}}},"1":{"name":"(anonymous_4)","decl":{"start":{"line":66,"column":0},"end":{"line":66,"column":null}},"loc":{"start":{"line":66,"column":0},"end":{"line":73,"column":null}}}},"branchMap":{},"s":{"0":2,"1":2,"2":2,"3":3,"4":3,"5":2},"f":{"0":3,"1":3},"b":{}}
,"/home/toofytroll/Projets/chartman2/frontend-next/components/Home/HomeArticleList.vue": {"path":"/home/toofytroll/Projets/chartman2/frontend-next/components/Home/HomeArticleList.vue","statementMap":{"0":{"start":{"line":172,"column":0},"end":{"line":172,"column":null}},"1":{"start":{"line":173,"column":0},"end":{"line":173,"column":null}},"2":{"start":{"line":174,"column":0},"end":{"line":174,"column":null}},"3":{"start":{"line":177,"column":0},"end":{"line":177,"column":null}},"4":{"start":{"line":182,"column":0},"end":{"line":182,"column":null}},"5":{"start":{"line":183,"column":0},"end":{"line":183,"column":null}},"6":{"start":{"line":192,"column":0},"end":{"line":192,"column":null}},"7":{"start":{"line":193,"column":0},"end":{"line":193,"column":null}},"8":{"start":{"line":194,"column":0},"end":{"line":194,"column":null}},"9":{"start":{"line":195,"column":0},"end":{"line":195,"column":null}},"10":{"start":{"line":196,"column":0},"end":{"line":196,"column":null}},"11":{"start":{"line":197,"column":0},"end":{"line":197,"column":null}},"12":{"start":{"line":198,"column":0},"end":{"line":198,"column":null}},"13":{"start":{"line":199,"column":0},"end":{"line":199,"column":null}},"14":{"start":{"line":200,"column":0},"end":{"line":200,"column":null}},"15":{"start":{"line":201,"column":0},"end":{"line":201,"column":null}},"16":{"start":{"line":202,"column":0},"end":{"line":202,"column":null}},"17":{"start":{"line":209,"column":0},"end":{"line":209,"column":null}},"18":{"start":{"line":213,"column":0},"end":{"line":213,"column":null}},"19":{"start":{"line":217,"column":0},"end":{"line":217,"column":null}},"20":{"start":{"line":221,"column":0},"end":{"line":221,"column":null}},"21":{"start":{"line":222,"column":0},"end":{"line":222,"column":null}},"22":{"start":{"line":223,"column":0},"end":{"line":223,"column":null}},"23":{"start":{"line":224,"column":0},"end":{"line":224,"column":null}},"24":{"start":{"line":228,"column":0},"end":{"line":232,"column":null}},"25":{"start":{"line":229,"column":0},"end":{"line":231,"column":null}},"26":{"start":{"line":230,"column":0},"end":{"line":230,"column":null}},"27":{"start":{"line":234,"column":0},"end":{"line":234,"column":null}},"28":{"start":{"line":238,"column":0},"end":{"line":238,"column":null}},"29":{"start":{"line":239,"column":0},"end":{"line":239,"column":null}},"30":{"start":{"line":240,"column":0},"end":{"line":240,"column":null}},"31":{"start":{"line":244,"column":0},"end":{"line":244,"column":null}},"32":{"start":{"line":248,"column":0},"end":{"line":256,"column":null}},"33":{"start":{"line":249,"column":0},"end":{"line":249,"column":null}},"34":{"start":{"line":250,"column":0},"end":{"line":250,"column":null}},"35":{"start":{"line":251,"column":0},"end":{"line":251,"column":null}},"36":{"start":{"line":253,"column":0},"end":{"line":253,"column":null}},"37":{"start":{"line":255,"column":0},"end":{"line":255,"column":null}},"38":{"start":{"line":260,"column":0},"end":{"line":267,"column":null}},"39":{"start":{"line":261,"column":0},"end":{"line":261,"column":null}},"40":{"start":{"line":262,"column":0},"end":{"line":262,"column":null}},"41":{"start":{"line":264,"column":0},"end":{"line":264,"column":null}},"42":{"start":{"line":266,"column":0},"end":{"line":266,"column":null}},"43":{"start":{"line":271,"column":0},"end":{"line":271,"column":null}},"44":{"start":{"line":273,"column":0},"end":{"line":273,"column":null}},"45":{"start":{"line":184,"column":0},"end":{"line":184,"column":null}},"46":{"start":{"line":186,"column":0},"end":{"line":186,"column":null}},"47":{"start":{"line":187,"column":0},"end":{"line":187,"column":null}},"48":{"start":{"line":188,"column":0},"end":{"line":188,"column":null}},"49":{"start":{"line":189,"column":0},"end":{"line":189,"column":null}},"50":{"start":{"line":190,"column":0},"end":{"line":190,"column":null}},"51":{"start":{"line":182,"column":0},"end":{"line":179,"column":null}}},"fnMap":{"0":{"name":"(anonymous_3)","decl":{"start":{"line":182,"column":0},"end":{"line":182,"column":null}},"loc":{"start":{"line":182,"column":0},"end":{"line":275,"column":null}}},"1":{"name":"(anonymous_4)","decl":{"start":{"line":208,"column":0},"end":{"line":208,"column":null}},"loc":{"start":{"line":208,"column":0},"end":{"line":210,"column":null}}},"2":{"name":"(anonymous_5)","decl":{"start":{"line":212,"column":0},"end":{"line":212,"column":null}},"loc":{"start":{"line":212,"column":0},"end":{"line":214,"column":null}}},"3":{"name":"(anonymous_6)","decl":{"start":{"line":216,"column":0},"end":{"line":216,"column":null}},"loc":{"start":{"line":216,"column":0},"end":{"line":218,"column":null}}},"4":{"name":"(anonymous_7)","decl":{"start":{"line":220,"column":0},"end":{"line":220,"column":null}},"loc":{"start":{"line":220,"column":0},"end":{"line":225,"column":null}}},"5":{"name":"(anonymous_8)","decl":{"start":{"line":227,"column":0},"end":{"line":227,"column":null}},"loc":{"start":{"line":227,"column":0},"end":{"line":235,"column":null}}},"6":{"name":"(anonymous_9)","decl":{"start":{"line":228,"column":0},"end":{"line":228,"column":null}},"loc":{"start":{"line":228,"column":0},"end":{"line":232,"column":null}}},"7":{"name":"(anonymous_10)","decl":{"start":{"line":229,"column":0},"end":{"line":229,"column":null}},"loc":{"start":{"line":229,"column":0},"end":{"line":231,"column":null}}},"8":{"name":"(anonymous_11)","decl":{"start":{"line":234,"column":0},"end":{"line":234,"column":null}},"loc":{"start":{"line":234,"column":0},"end":{"line":234,"column":null}}},"9":{"name":"(anonymous_12)","decl":{"start":{"line":237,"column":0},"end":{"line":237,"column":null}},"loc":{"start":{"line":237,"column":0},"end":{"line":241,"column":null}}},"10":{"name":"(anonymous_13)","decl":{"start":{"line":243,"column":0},"end":{"line":243,"column":null}},"loc":{"start":{"line":243,"column":0},"end":{"line":245,"column":null}}},"11":{"name":"(anonymous_14)","decl":{"start":{"line":247,"column":0},"end":{"line":247,"column":null}},"loc":{"start":{"line":247,"column":0},"end":{"line":257,"column":null}}},"12":{"name":"(anonymous_15)","decl":{"start":{"line":259,"column":0},"end":{"line":259,"column":null}},"loc":{"start":{"line":259,"column":0},"end":{"line":268,"column":null}}},"13":{"name":"(anonymous_16)","decl":{"start":{"line":270,"column":0},"end":{"line":270,"column":null}},"loc":{"start":{"line":270,"column":0},"end":{"line":274,"column":null}}},"14":{"name":"(anonymous_17)","decl":{"start":{"line":189,"column":0},"end":{"line":189,"column":null}},"loc":{"start":{"line":189,"column":0},"end":{"line":189,"column":null}}}},"branchMap":{"0":{"loc":{"start":{"line":264,"column":0},"end":{"line":264,"column":null}},"type":"cond-expr","locations":[{"start":{"line":264,"column":0},"end":{"line":264,"column":null}},{"start":{"line":264,"column":0},"end":{"line":264,"column":null}}]}},"s":{"0":1,"1":1,"2":1,"3":1,"4":1,"5":10,"6":10,"7":10,"8":10,"9":10,"10":10,"11":10,"12":10,"13":10,"14":10,"15":10,"16":10,"17":1,"18":1,"19":10,"20":1,"21":1,"22":1,"23":1,"24":1,"25":1,"26":1,"27":2,"28":1,"29":1,"30":1,"31":1,"32":1,"33":1,"34":1,"35":1,"36":1,"37":0,"38":1,"39":1,"40":1,"41":1,"42":0,"43":11,"44":11,"45":1,"46":1,"47":1,"48":1,"49":11,"50":1,"51":1},"f":{"0":10,"1":1,"2":1,"3":10,"4":1,"5":1,"6":1,"7":1,"8":1,"9":1,"10":1,"11":1,"12":1,"13":11,"14":10},"b":{"0":[0,1]}}
,"/home/toofytroll/Projets/chartman2/frontend-next/components/Home/HomeCard.vue": {"path":"/home/toofytroll/Projets/chartman2/frontend-next/components/Home/HomeCard.vue","statementMap":{"0":{"start":{"line":41,"column":0},"end":{"line":41,"column":null}},"1":{"start":{"line":44,"column":0},"end":{"line":44,"column":null}},"2":{"start":{"line":45,"column":0},"end":{"line":45,"column":null}},"3":{"start":{"line":46,"column":0},"end":{"line":46,"column":null}},"4":{"start":{"line":47,"column":0},"end":{"line":47,"column":null}},"5":{"start":{"line":48,"column":0},"end":{"line":48,"column":null}}},"fnMap":{},"branchMap":{},"s":{"0":2,"1":4,"2":2,"3":2,"4":2,"5":2},"f":{},"b":{}}
,"/home/toofytroll/Projets/chartman2/frontend-next/components/Home/HomeCategoryList.vue": {"path":"/home/toofytroll/Projets/chartman2/frontend-next/components/Home/HomeCategoryList.vue","statementMap":{"0":{"start":{"line":89,"column":0},"end":{"line":89,"column":null}},"1":{"start":{"line":90,"column":0},"end":{"line":90,"column":null}},"2":{"start":{"line":92,"column":0},"end":{"line":92,"column":null}},"3":{"start":{"line":95,"column":0},"end":{"line":95,"column":null}},"4":{"start":{"line":97,"column":0},"end":{"line":97,"column":null}},"5":{"start":{"line":107,"column":0},"end":{"line":107,"column":null}},"6":{"start":{"line":108,"column":0},"end":{"line":108,"column":null}},"7":{"start":{"line":109,"column":0},"end":{"line":109,"column":null}},"8":{"start":{"line":110,"column":0},"end":{"line":110,"column":null}},"9":{"start":{"line":111,"column":0},"end":{"line":111,"column":null}},"10":{"start":{"line":114,"column":0},"end":{"line":114,"column":null}},"11":{"start":{"line":118,"column":0},"end":{"line":118,"column":null}},"12":{"start":{"line":122,"column":0},"end":{"line":122,"column":null}},"13":{"start":{"line":123,"column":0},"end":{"line":123,"column":null}},"14":{"start":{"line":124,"column":0},"end":{"line":124,"column":null}},"15":{"start":{"line":125,"column":0},"end":{"line":125,"column":null}},"16":{"start":{"line":129,"column":0},"end":{"line":129,"column":null}},"17":{"start":{"line":133,"column":0},"end":{"line":133,"column":null}},"18":{"start":{"line":134,"column":0},"end":{"line":140,"column":null}},"19":{"start":{"line":135,"column":0},"end":{"line":135,"column":null}},"20":{"start":{"line":136,"column":0},"end":{"line":136,"column":null}},"21":{"start":{"line":137,"column":0},"end":{"line":137,"column":null}},"22":{"start":{"line":139,"column":0},"end":{"line":139,"column":null}},"23":{"start":{"line":98,"column":0},"end":{"line":98,"column":null}},"24":{"start":{"line":101,"column":0},"end":{"line":101,"column":null}},"25":{"start":{"line":102,"column":0},"end":{"line":102,"column":null}},"26":{"start":{"line":103,"column":0},"end":{"line":103,"column":null}},"27":{"start":{"line":104,"column":0},"end":{"line":104,"column":null}},"28":{"start":{"line":105,"column":0},"end":{"line":105,"column":null}}},"fnMap":{"0":{"name":"(anonymous_3)","decl":{"start":{"line":95,"column":0},"end":{"line":95,"column":null}},"loc":{"start":{"line":95,"column":0},"end":{"line":142,"column":null}}},"1":{"name":"(anonymous_4)","decl":{"start":{"line":113,"column":0},"end":{"line":113,"column":null}},"loc":{"start":{"line":113,"column":0},"end":{"line":115,"column":null}}},"2":{"name":"(anonymous_5)","decl":{"start":{"line":117,"column":0},"end":{"line":117,"column":null}},"loc":{"start":{"line":117,"column":0},"end":{"line":119,"column":null}}},"3":{"name":"(anonymous_6)","decl":{"start":{"line":121,"column":0},"end":{"line":121,"column":null}},"loc":{"start":{"line":121,"column":0},"end":{"line":126,"column":null}}},"4":{"name":"(anonymous_7)","decl":{"start":{"line":128,"column":0},"end":{"line":128,"column":null}},"loc":{"start":{"line":128,"column":0},"end":{"line":130,"column":null}}},"5":{"name":"(anonymous_8)","decl":{"start":{"line":132,"column":0},"end":{"line":132,"column":null}},"loc":{"start":{"line":132,"column":0},"end":{"line":141,"column":null}}},"6":{"name":"(anonymous_9)","decl":{"start":{"line":104,"column":0},"end":{"line":104,"column":null}},"loc":{"start":{"line":104,"column":0},"end":{"line":104,"column":null}}}},"branchMap":{},"s":{"0":1,"1":1,"2":1,"3":2,"4":6,"5":6,"6":6,"7":6,"8":6,"9":6,"10":1,"11":1,"12":1,"13":1,"14":1,"15":1,"16":1,"17":1,"18":1,"19":1,"20":1,"21":1,"22":0,"23":1,"24":1,"25":1,"26":1,"27":7,"28":1},"f":{"0":6,"1":1,"2":1,"3":1,"4":1,"5":1,"6":6},"b":{}}
,"/home/toofytroll/Projets/chartman2/frontend-next/components/Home/HomeDrawer.vue": {"path":"/home/toofytroll/Projets/chartman2/frontend-next/components/Home/HomeDrawer.vue","statementMap":{"0":{"start":{"line":34,"column":0},"end":{"line":34,"column":null}},"1":{"start":{"line":37,"column":0},"end":{"line":37,"column":null}},"2":{"start":{"line":38,"column":0},"end":{"line":38,"column":null}}},"fnMap":{},"branchMap":{},"s":{"0":3,"1":6,"2":3},"f":{},"b":{}}
,"/home/toofytroll/Projets/chartman2/frontend-next/components/Home/HomeFooter.vue": {"path":"/home/toofytroll/Projets/chartman2/frontend-next/components/Home/HomeFooter.vue","statementMap":{"0":{"start":{"line":49,"column":0},"end":{"line":49,"column":null}},"1":{"start":{"line":52,"column":0},"end":{"line":52,"column":null}},"2":{"start":{"line":54,"column":0},"end":{"line":56,"column":null}}},"fnMap":{"0":{"name":"(anonymous_2)","decl":{"start":{"line":53,"column":0},"end":{"line":53,"column":null}},"loc":{"start":{"line":53,"column":0},"end":{"line":58,"column":null}}}},"branchMap":{},"s":{"0":2,"1":4,"2":3},"f":{"0":3},"b":{}}
,"/home/toofytroll/Projets/chartman2/frontend-next/components/Home/HomeList.vue": {"path":"/home/toofytroll/Projets/chartman2/frontend-next/components/Home/HomeList.vue","statementMap":{"0":{"start":{"line":72,"column":0},"end":{"line":72,"column":null}},"1":{"start":{"line":75,"column":0},"end":{"line":75,"column":null}},"2":{"start":{"line":86,"column":0},"end":{"line":86,"column":null}},"3":{"start":{"line":90,"column":0},"end":{"line":90,"column":null}},"4":{"start":{"line":94,"column":0},"end":{"line":94,"column":null}},"5":{"start":{"line":76,"column":0},"end":{"line":76,"column":null}},"6":{"start":{"line":77,"column":0},"end":{"line":77,"column":null}},"7":{"start":{"line":78,"column":0},"end":{"line":78,"column":null}},"8":{"start":{"line":79,"column":0},"end":{"line":79,"column":null}},"9":{"start":{"line":80,"column":0},"end":{"line":80,"column":null}},"10":{"start":{"line":81,"column":0},"end":{"line":81,"column":null}},"11":{"start":{"line":82,"column":0},"end":{"line":82,"column":null}},"12":{"start":{"line":83,"column":0},"end":{"line":83,"column":null}}},"fnMap":{"0":{"name":"(anonymous_5)","decl":{"start":{"line":85,"column":0},"end":{"line":85,"column":null}},"loc":{"start":{"line":85,"column":0},"end":{"line":87,"column":null}}},"1":{"name":"(anonymous_6)","decl":{"start":{"line":86,"column":0},"end":{"line":86,"column":null}},"loc":{"start":{"line":86,"column":0},"end":{"line":86,"column":null}}},"2":{"name":"(anonymous_8)","decl":{"start":{"line":89,"column":0},"end":{"line":89,"column":null}},"loc":{"start":{"line":89,"column":0},"end":{"line":91,"column":null}}},"3":{"name":"(anonymous_9)","decl":{"start":{"line":93,"column":0},"end":{"line":93,"column":null}},"loc":{"start":{"line":93,"column":0},"end":{"line":95,"column":null}}},"4":{"name":"(anonymous_10)","decl":{"start":{"line":80,"column":0},"end":{"line":80,"column":null}},"loc":{"start":{"line":80,"column":0},"end":{"line":80,"column":null}}}},"branchMap":{},"s":{"0":5,"1":10,"2":1,"3":6,"4":1,"5":5,"6":5,"7":5,"8":5,"9":9,"10":5,"11":5,"12":5},"f":{"0":1,"1":0,"2":6,"3":1,"4":4},"b":{}}
,"/home/toofytroll/Projets/chartman2/frontend-next/components/Home/HomeNew.vue": {"path":"/home/toofytroll/Projets/chartman2/frontend-next/components/Home/HomeNew.vue","statementMap":{"0":{"start":{"line":55,"column":0},"end":{"line":55,"column":null}},"1":{"start":{"line":58,"column":0},"end":{"line":58,"column":null}},"2":{"start":{"line":68,"column":0},"end":{"line":68,"column":null}},"3":{"start":{"line":72,"column":0},"end":{"line":72,"column":null}},"4":{"start":{"line":59,"column":0},"end":{"line":59,"column":null}},"5":{"start":{"line":60,"column":0},"end":{"line":60,"column":null}},"6":{"start":{"line":61,"column":0},"end":{"line":61,"column":null}},"7":{"start":{"line":62,"column":0},"end":{"line":62,"column":null}},"8":{"start":{"line":63,"column":0},"end":{"line":63,"column":null}},"9":{"start":{"line":64,"column":0},"end":{"line":64,"column":null}},"10":{"start":{"line":65,"column":0},"end":{"line":65,"column":null}}},"fnMap":{"0":{"name":"(anonymous_2)","decl":{"start":{"line":67,"column":0},"end":{"line":67,"column":null}},"loc":{"start":{"line":67,"column":0},"end":{"line":69,"column":null}}},"1":{"name":"(anonymous_3)","decl":{"start":{"line":71,"column":0},"end":{"line":71,"column":null}},"loc":{"start":{"line":71,"column":0},"end":{"line":73,"column":null}}},"2":{"name":"(anonymous_4)","decl":{"start":{"line":63,"column":0},"end":{"line":63,"column":null}},"loc":{"start":{"line":63,"column":0},"end":{"line":63,"column":null}}}},"branchMap":{},"s":{"0":1,"1":2,"2":3,"3":1,"4":1,"5":1,"6":1,"7":1,"8":4,"9":1,"10":1},"f":{"0":3,"1":1,"2":3},"b":{}}
,"/home/toofytroll/Projets/chartman2/frontend-next/components/Home/Login.vue": {"path":"/home/toofytroll/Projets/chartman2/frontend-next/components/Home/Login.vue","statementMap":{"0":{"start":{"line":72,"column":0},"end":{"line":72,"column":null}},"1":{"start":{"line":73,"column":0},"end":{"line":73,"column":null}},"2":{"start":{"line":75,"column":0},"end":{"line":75,"column":null}},"3":{"start":{"line":78,"column":0},"end":{"line":78,"column":null}},"4":{"start":{"line":79,"column":0},"end":{"line":79,"column":null}},"5":{"start":{"line":82,"column":0},"end":{"line":82,"column":null}},"6":{"start":{"line":83,"column":0},"end":{"line":83,"column":null}},"7":{"start":{"line":84,"column":0},"end":{"line":84,"column":null}},"8":{"start":{"line":85,"column":0},"end":{"line":85,"column":null}},"9":{"start":{"line":86,"column":0},"end":{"line":86,"column":null}},"10":{"start":{"line":87,"column":0},"end":{"line":87,"column":null}},"11":{"start":{"line":88,"column":0},"end":{"line":88,"column":null}},"12":{"start":{"line":89,"column":0},"end":{"line":89,"column":null}},"13":{"start":{"line":90,"column":0},"end":{"line":90,"column":null}},"14":{"start":{"line":93,"column":0},"end":{"line":93,"column":null}},"15":{"start":{"line":96,"column":0},"end":{"line":103,"column":null}},"16":{"start":{"line":97,"column":0},"end":{"line":97,"column":null}},"17":{"start":{"line":98,"column":0},"end":{"line":98,"column":null}},"18":{"start":{"line":100,"column":0},"end":{"line":100,"column":null}},"19":{"start":{"line":102,"column":0},"end":{"line":102,"column":null}},"20":{"start":{"line":107,"column":0},"end":{"line":107,"column":null}},"21":{"start":{"line":108,"column":0},"end":{"line":108,"column":null}},"22":{"start":{"line":109,"column":0},"end":{"line":109,"column":null}},"23":{"start":{"line":113,"column":0},"end":{"line":113,"column":null}},"24":{"start":{"line":118,"column":0},"end":{"line":118,"column":null}},"25":{"start":{"line":80,"column":0},"end":{"line":80,"column":null}},"26":{"start":{"line":117,"column":0},"end":{"line":117,"column":null}}},"fnMap":{"0":{"name":"(anonymous_3)","decl":{"start":{"line":78,"column":0},"end":{"line":78,"column":null}},"loc":{"start":{"line":78,"column":0},"end":{"line":120,"column":null}}},"1":{"name":"(anonymous_4)","decl":{"start":{"line":88,"column":0},"end":{"line":88,"column":null}},"loc":{"start":{"line":88,"column":0},"end":{"line":88,"column":null}}},"2":{"name":"(anonymous_5)","decl":{"start":{"line":89,"column":0},"end":{"line":89,"column":null}},"loc":{"start":{"line":89,"column":0},"end":{"line":89,"column":null}}},"3":{"name":"(anonymous_6)","decl":{"start":{"line":90,"column":0},"end":{"line":90,"column":null}},"loc":{"start":{"line":90,"column":0},"end":{"line":90,"column":null}}},"4":{"name":"(anonymous_7)","decl":{"start":{"line":95,"column":0},"end":{"line":95,"column":null}},"loc":{"start":{"line":95,"column":0},"end":{"line":104,"column":null}}},"5":{"name":"(anonymous_8)","decl":{"start":{"line":106,"column":0},"end":{"line":106,"column":null}},"loc":{"start":{"line":106,"column":0},"end":{"line":110,"column":null}}},"6":{"name":"(anonymous_9)","decl":{"start":{"line":112,"column":0},"end":{"line":112,"column":null}},"loc":{"start":{"line":112,"column":0},"end":{"line":114,"column":null}}},"7":{"name":"(anonymous_10)","decl":{"start":{"line":117,"column":0},"end":{"line":117,"column":null}},"loc":{"start":{"line":117,"column":0},"end":{"line":119,"column":null}}}},"branchMap":{"0":{"loc":{"start":{"line":88,"column":0},"end":{"line":88,"column":null}},"type":"binary-expr","locations":[{"start":{"line":88,"column":0},"end":{"line":88,"column":null}},{"start":{"line":88,"column":0},"end":{"line":88,"column":null}}]},"1":{"loc":{"start":{"line":89,"column":0},"end":{"line":89,"column":null}},"type":"binary-expr","locations":[{"start":{"line":89,"column":0},"end":{"line":89,"column":null}},{"start":{"line":89,"column":0},"end":{"line":89,"column":null}},{"start":{"line":89,"column":0},"end":{"line":89,"column":null}}]},"2":{"loc":{"start":{"line":90,"column":0},"end":{"line":90,"column":null}},"type":"binary-expr","locations":[{"start":{"line":90,"column":0},"end":{"line":90,"column":null}},{"start":{"line":90,"column":0},"end":{"line":90,"column":null}}]}},"s":{"0":3,"1":3,"2":3,"3":6,"4":8,"5":8,"6":8,"7":8,"8":8,"9":8,"10":8,"11":1,"12":1,"13":1,"14":8,"15":1,"16":1,"17":1,"18":1,"19":1,"20":1,"21":1,"22":1,"23":1,"24":2,"25":3,"26":3},"f":{"0":8,"1":1,"2":1,"3":1,"4":1,"5":1,"6":1,"7":2},"b":{"0":[1,1],"1":[1,1,1],"2":[1,1]}}
,"/home/toofytroll/Projets/chartman2/frontend-next/components/Home/Register.vue": {"path":"/home/toofytroll/Projets/chartman2/frontend-next/components/Home/Register.vue","statementMap":{"0":{"start":{"line":66,"column":0},"end":{"line":66,"column":null}},"1":{"start":{"line":69,"column":0},"end":{"line":69,"column":null}},"2":{"start":{"line":70,"column":0},"end":{"line":70,"column":null}},"3":{"start":{"line":71,"column":0},"end":{"line":71,"column":null}},"4":{"start":{"line":72,"column":0},"end":{"line":72,"column":null}},"5":{"start":{"line":73,"column":0},"end":{"line":73,"column":null}},"6":{"start":{"line":74,"column":0},"end":{"line":74,"column":null}},"7":{"start":{"line":75,"column":0},"end":{"line":75,"column":null}},"8":{"start":{"line":76,"column":0},"end":{"line":76,"column":null}},"9":{"start":{"line":77,"column":0},"end":{"line":77,"column":null}},"10":{"start":{"line":78,"column":0},"end":{"line":78,"column":null}},"11":{"start":{"line":79,"column":0},"end":{"line":79,"column":null}},"12":{"start":{"line":80,"column":0},"end":{"line":80,"column":null}},"13":{"start":{"line":84,"column":0},"end":{"line":84,"column":null}},"14":{"start":{"line":88,"column":0},"end":{"line":88,"column":null}}},"fnMap":{"0":{"name":"(anonymous_2)","decl":{"start":{"line":69,"column":0},"end":{"line":69,"column":null}},"loc":{"start":{"line":69,"column":0},"end":{"line":90,"column":null}}},"1":{"name":"(anonymous_3)","decl":{"start":{"line":78,"column":0},"end":{"line":78,"column":null}},"loc":{"start":{"line":78,"column":0},"end":{"line":78,"column":null}}},"2":{"name":"(anonymous_4)","decl":{"start":{"line":79,"column":0},"end":{"line":79,"column":null}},"loc":{"start":{"line":79,"column":0},"end":{"line":79,"column":null}}},"3":{"name":"(anonymous_5)","decl":{"start":{"line":80,"column":0},"end":{"line":80,"column":null}},"loc":{"start":{"line":80,"column":0},"end":{"line":80,"column":null}}},"4":{"name":"(anonymous_6)","decl":{"start":{"line":83,"column":0},"end":{"line":83,"column":null}},"loc":{"start":{"line":83,"column":0},"end":{"line":85,"column":null}}},"5":{"name":"(anonymous_7)","decl":{"start":{"line":84,"column":0},"end":{"line":84,"column":null}},"loc":{"start":{"line":84,"column":0},"end":{"line":84,"column":null}}},"6":{"name":"(anonymous_8)","decl":{"start":{"line":87,"column":0},"end":{"line":87,"column":null}},"loc":{"start":{"line":87,"column":0},"end":{"line":89,"column":null}}}},"branchMap":{"0":{"loc":{"start":{"line":78,"column":0},"end":{"line":78,"column":null}},"type":"binary-expr","locations":[{"start":{"line":78,"column":0},"end":{"line":78,"column":null}},{"start":{"line":78,"column":0},"end":{"line":78,"column":null}}]},"1":{"loc":{"start":{"line":79,"column":0},"end":{"line":79,"column":null}},"type":"binary-expr","locations":[{"start":{"line":79,"column":0},"end":{"line":79,"column":null}},{"start":{"line":79,"column":0},"end":{"line":79,"column":null}}]},"2":{"loc":{"start":{"line":80,"column":0},"end":{"line":80,"column":null}},"type":"binary-expr","locations":[{"start":{"line":80,"column":0},"end":{"line":80,"column":null}},{"start":{"line":80,"column":0},"end":{"line":80,"column":null}},{"start":{"line":80,"column":0},"end":{"line":80,"column":null}}]},"3":{"loc":{"start":{"line":84,"column":0},"end":{"line":84,"column":null}},"type":"binary-expr","locations":[{"start":{"line":84,"column":0},"end":{"line":84,"column":null}},{"start":{"line":84,"column":0},"end":{"line":84,"column":null}}]}},"s":{"0":2,"1":4,"2":5,"3":5,"4":5,"5":5,"6":5,"7":5,"8":5,"9":5,"10":1,"11":1,"12":1,"13":8,"14":1},"f":{"0":5,"1":1,"2":1,"3":1,"4":5,"5":3,"6":1},"b":{"0":[1,1],"1":[1,1],"2":[1,1,1],"3":[3,1]}}
,"/home/toofytroll/Projets/chartman2/frontend-next/layouts/default.vue": {"path":"/home/toofytroll/Projets/chartman2/frontend-next/layouts/default.vue","statementMap":{"0":{"start":{"line":41,"column":0},"end":{"line":41,"column":null}},"1":{"start":{"line":42,"column":0},"end":{"line":42,"column":null}},"2":{"start":{"line":43,"column":0},"end":{"line":43,"column":null}},"3":{"start":{"line":45,"column":0},"end":{"line":45,"column":null}},"4":{"start":{"line":47,"column":0},"end":{"line":47,"column":null}},"5":{"start":{"line":54,"column":0},"end":{"line":54,"column":null}},"6":{"start":{"line":55,"column":0},"end":{"line":55,"column":null}},"7":{"start":{"line":60,"column":0},"end":{"line":60,"column":null}},"8":{"start":{"line":63,"column":0},"end":{"line":63,"column":null}},"9":{"start":{"line":68,"column":0},"end":{"line":68,"column":null}},"10":{"start":{"line":73,"column":0},"end":{"line":75,"column":null}},"11":{"start":{"line":74,"column":0},"end":{"line":74,"column":null}},"12":{"start":{"line":56,"column":0},"end":{"line":56,"column":null}},"13":{"start":{"line":57,"column":0},"end":{"line":57,"column":null}},"14":{"start":{"line":58,"column":0},"end":{"line":58,"column":null}},"15":{"start":{"line":67,"column":0},"end":{"line":67,"column":null}},"16":{"start":{"line":72,"column":0},"end":{"line":72,"column":null}},"17":{"start":{"line":54,"column":0},"end":{"line":49,"column":null}}},"fnMap":{"0":{"name":"(anonymous_3)","decl":{"start":{"line":54,"column":0},"end":{"line":54,"column":null}},"loc":{"start":{"line":54,"column":0},"end":{"line":77,"column":null}}},"1":{"name":"(anonymous_4)","decl":{"start":{"line":62,"column":0},"end":{"line":62,"column":null}},"loc":{"start":{"line":62,"column":0},"end":{"line":64,"column":null}}},"2":{"name":"(anonymous_5)","decl":{"start":{"line":67,"column":0},"end":{"line":67,"column":null}},"loc":{"start":{"line":67,"column":0},"end":{"line":69,"column":null}}},"3":{"name":"(anonymous_6)","decl":{"start":{"line":72,"column":0},"end":{"line":72,"column":null}},"loc":{"start":{"line":72,"column":0},"end":{"line":76,"column":null}}}},"branchMap":{"0":{"loc":{"start":{"line":73,"column":0},"end":{"line":75,"column":null}},"type":"if","locations":[{"start":{"line":73,"column":0},"end":{"line":75,"column":null}}]}},"s":{"0":1,"1":1,"2":1,"3":1,"4":1,"5":1,"6":1,"7":1,"8":1,"9":0,"10":1,"11":0,"12":1,"13":1,"14":1,"15":1,"16":1,"17":1},"f":{"0":1,"1":1,"2":0,"3":1},"b":{"0":[0]}}
,"/home/toofytroll/Projets/chartman2/frontend-next/layouts/error.vue": {"path":"/home/toofytroll/Projets/chartman2/frontend-next/layouts/error.vue","statementMap":{"0":{"start":{"line":547,"column":0},"end":{"line":547,"column":null}},"1":{"start":{"line":550,"column":0},"end":{"line":550,"column":null}},"2":{"start":{"line":553,"column":0},"end":{"line":553,"column":null}},"3":{"start":{"line":554,"column":0},"end":{"line":554,"column":null}},"4":{"start":{"line":555,"column":0},"end":{"line":555,"column":null}},"5":{"start":{"line":558,"column":0},"end":{"line":558,"column":null}},"6":{"start":{"line":551,"column":0},"end":{"line":551,"column":null}}},"fnMap":{"0":{"name":"(anonymous_2)","decl":{"start":{"line":550,"column":0},"end":{"line":550,"column":null}},"loc":{"start":{"line":550,"column":0},"end":{"line":560,"column":null}}},"1":{"name":"(anonymous_3)","decl":{"start":{"line":557,"column":0},"end":{"line":557,"column":null}},"loc":{"start":{"line":557,"column":0},"end":{"line":559,"column":null}}}},"branchMap":{"0":{"loc":{"start":{"line":558,"column":0},"end":{"line":558,"column":null}},"type":"cond-expr","locations":[{"start":{"line":558,"column":0},"end":{"line":558,"column":null}},{"start":{"line":558,"column":0},"end":{"line":558,"column":null}}]}},"s":{"0":1,"1":2,"2":2,"3":2,"4":2,"5":0,"6":1},"f":{"0":2,"1":0},"b":{"0":[0,0]}}
,"/home/toofytroll/Projets/chartman2/frontend-next/pages/authenticate.vue": {"path":"/home/toofytroll/Projets/chartman2/frontend-next/pages/authenticate.vue","statementMap":{"0":{"start":{"line":41,"column":0},"end":{"line":41,"column":null}},"1":{"start":{"line":42,"column":0},"end":{"line":42,"column":null}},"2":{"start":{"line":43,"column":0},"end":{"line":43,"column":null}},"3":{"start":{"line":50,"column":0},"end":{"line":50,"column":null}},"4":{"start":{"line":51,"column":0},"end":{"line":51,"column":null}},"5":{"start":{"line":52,"column":0},"end":{"line":52,"column":null}},"6":{"start":{"line":53,"column":0},"end":{"line":55,"column":null}},"7":{"start":{"line":50,"column":0},"end":{"line":45,"column":null}}},"fnMap":{"0":{"name":"(anonymous_3)","decl":{"start":{"line":50,"column":0},"end":{"line":50,"column":null}},"loc":{"start":{"line":50,"column":0},"end":{"line":57,"column":null}}}},"branchMap":{},"s":{"0":1,"1":1,"2":1,"3":1,"4":1,"5":1,"6":1,"7":1},"f":{"0":1},"b":{}}
,"/home/toofytroll/Projets/chartman2/frontend-next/pages/index.vue": {"path":"/home/toofytroll/Projets/chartman2/frontend-next/pages/index.vue","statementMap":{"0":{"start":{"line":10,"column":0},"end":{"line":10,"column":null}},"1":{"start":{"line":11,"column":0},"end":{"line":11,"column":null}},"2":{"start":{"line":12,"column":0},"end":{"line":12,"column":null}},"3":{"start":{"line":13,"column":0},"end":{"line":13,"column":null}},"4":{"start":{"line":20,"column":0},"end":{"line":20,"column":null}},"5":{"start":{"line":20,"column":0},"end":{"line":15,"column":null}}},"fnMap":{},"branchMap":{},"s":{"0":1,"1":1,"2":1,"3":1,"4":1,"5":1},"f":{},"b":{}}
,"/home/toofytroll/Projets/chartman2/frontend-next/pages/redirect.vue": {"path":"/home/toofytroll/Projets/chartman2/frontend-next/pages/redirect.vue","statementMap":{"0":{"start":{"line":543,"column":0},"end":{"line":543,"column":null}},"1":{"start":{"line":546,"column":0},"end":{"line":546,"column":null}},"2":{"start":{"line":548,"column":0},"end":{"line":548,"column":null}},"3":{"start":{"line":550,"column":0},"end":{"line":550,"column":null}}},"fnMap":{"0":{"name":"(anonymous_2)","decl":{"start":{"line":547,"column":0},"end":{"line":547,"column":null}},"loc":{"start":{"line":547,"column":0},"end":{"line":551,"column":null}}}},"branchMap":{"0":{"loc":{"start":{"line":548,"column":0},"end":{"line":548,"column":null}},"type":"cond-expr","locations":[{"start":{"line":548,"column":0},"end":{"line":548,"column":null}},{"start":{"line":548,"column":0},"end":{"line":548,"column":null}}]}},"s":{"0":1,"1":2,"2":1,"3":1},"f":{"0":1},"b":{"0":[0,1]}}
,"/home/toofytroll/Projets/chartman2/frontend-next/pages/admin/cards.vue": {"path":"/home/toofytroll/Projets/chartman2/frontend-next/pages/admin/cards.vue","statementMap":{"0":{"start":{"line":27,"column":0},"end":{"line":27,"column":null}},"1":{"start":{"line":28,"column":0},"end":{"line":28,"column":null}},"2":{"start":{"line":34,"column":0},"end":{"line":34,"column":null}},"3":{"start":{"line":35,"column":0},"end":{"line":35,"column":null}},"4":{"start":{"line":36,"column":0},"end":{"line":36,"column":null}},"5":{"start":{"line":37,"column":0},"end":{"line":37,"column":null}},"6":{"start":{"line":38,"column":0},"end":{"line":45,"column":null}},"7":{"start":{"line":34,"column":0},"end":{"line":30,"column":null}}},"fnMap":{"0":{"name":"(anonymous_3)","decl":{"start":{"line":34,"column":0},"end":{"line":34,"column":null}},"loc":{"start":{"line":34,"column":0},"end":{"line":52,"column":null}}}},"branchMap":{},"s":{"0":1,"1":1,"2":1,"3":1,"4":1,"5":1,"6":1,"7":1},"f":{"0":1},"b":{}}
,"/home/toofytroll/Projets/chartman2/frontend-next/pages/admin/index.vue": {"path":"/home/toofytroll/Projets/chartman2/frontend-next/pages/admin/index.vue","statementMap":{"0":{"start":{"line":35,"column":0},"end":{"line":35,"column":null}},"1":{"start":{"line":36,"column":0},"end":{"line":36,"column":null}},"2":{"start":{"line":43,"column":0},"end":{"line":43,"column":null}},"3":{"start":{"line":44,"column":0},"end":{"line":44,"column":null}},"4":{"start":{"line":45,"column":0},"end":{"line":45,"column":null}},"5":{"start":{"line":46,"column":0},"end":{"line":47,"column":null}},"6":{"start":{"line":51,"column":0},"end":{"line":51,"column":null}},"7":{"start":{"line":52,"column":0},"end":{"line":54,"column":null}},"8":{"start":{"line":53,"column":0},"end":{"line":53,"column":null}},"9":{"start":{"line":58,"column":0},"end":{"line":58,"column":null}},"10":{"start":{"line":61,"column":0},"end":{"line":65,"column":null}},"11":{"start":{"line":64,"column":0},"end":{"line":64,"column":null}},"12":{"start":{"line":43,"column":0},"end":{"line":38,"column":null}}},"fnMap":{"0":{"name":"(anonymous_3)","decl":{"start":{"line":43,"column":0},"end":{"line":43,"column":null}},"loc":{"start":{"line":43,"column":0},"end":{"line":67,"column":null}}},"1":{"name":"(anonymous_4)","decl":{"start":{"line":50,"column":0},"end":{"line":50,"column":null}},"loc":{"start":{"line":50,"column":0},"end":{"line":55,"column":null}}},"2":{"name":"(anonymous_5)","decl":{"start":{"line":57,"column":0},"end":{"line":57,"column":null}},"loc":{"start":{"line":57,"column":0},"end":{"line":66,"column":null}}},"3":{"name":"(anonymous_6)","decl":{"start":{"line":61,"column":0},"end":{"line":61,"column":null}},"loc":{"start":{"line":61,"column":0},"end":{"line":65,"column":null}}}},"branchMap":{"0":{"loc":{"start":{"line":52,"column":0},"end":{"line":54,"column":null}},"type":"if","locations":[{"start":{"line":52,"column":0},"end":{"line":54,"column":null}}]},"1":{"loc":{"start":{"line":52,"column":0},"end":{"line":52,"column":null}},"type":"binary-expr","locations":[{"start":{"line":52,"column":0},"end":{"line":52,"column":null}},{"start":{"line":52,"column":0},"end":{"line":52,"column":null}}]}},"s":{"0":1,"1":1,"2":1,"3":2,"4":2,"5":2,"6":2,"7":2,"8":2,"9":2,"10":2,"11":2,"12":1},"f":{"0":2,"1":2,"2":2,"3":2},"b":{"0":[2],"1":[2,2]}}
,"/home/toofytroll/Projets/chartman2/frontend-next/pages/admin/article/_id.vue": {"path":"/home/toofytroll/Projets/chartman2/frontend-next/pages/admin/article/_id.vue","statementMap":{"0":{"start":{"line":108,"column":0},"end":{"line":108,"column":null}},"1":{"start":{"line":109,"column":0},"end":{"line":109,"column":null}},"2":{"start":{"line":110,"column":0},"end":{"line":110,"column":null}},"3":{"start":{"line":111,"column":0},"end":{"line":111,"column":null}},"4":{"start":{"line":113,"column":0},"end":{"line":113,"column":null}},"5":{"start":{"line":132,"column":0},"end":{"line":132,"column":null}},"6":{"start":{"line":133,"column":0},"end":{"line":133,"column":null}},"7":{"start":{"line":137,"column":0},"end":{"line":137,"column":null}},"8":{"start":{"line":138,"column":0},"end":{"line":138,"column":null}},"9":{"start":{"line":139,"column":0},"end":{"line":139,"column":null}},"10":{"start":{"line":140,"column":0},"end":{"line":140,"column":null}},"11":{"start":{"line":141,"column":0},"end":{"line":141,"column":null}},"12":{"start":{"line":142,"column":0},"end":{"line":142,"column":null}},"13":{"start":{"line":143,"column":0},"end":{"line":143,"column":null}},"14":{"start":{"line":144,"column":0},"end":{"line":144,"column":null}},"15":{"start":{"line":145,"column":0},"end":{"line":145,"column":null}},"16":{"start":{"line":146,"column":0},"end":{"line":146,"column":null}},"17":{"start":{"line":147,"column":0},"end":{"line":147,"column":null}},"18":{"start":{"line":150,"column":0},"end":{"line":150,"column":null}},"19":{"start":{"line":157,"column":0},"end":{"line":157,"column":null}},"20":{"start":{"line":165,"column":0},"end":{"line":165,"column":null}},"21":{"start":{"line":169,"column":0},"end":{"line":169,"column":null}},"22":{"start":{"line":173,"column":0},"end":{"line":173,"column":null}},"23":{"start":{"line":174,"column":0},"end":{"line":174,"column":null}},"24":{"start":{"line":175,"column":0},"end":{"line":175,"column":null}},"25":{"start":{"line":177,"column":0},"end":{"line":177,"column":null}},"26":{"start":{"line":178,"column":0},"end":{"line":178,"column":null}},"27":{"start":{"line":179,"column":0},"end":{"line":179,"column":null}},"28":{"start":{"line":180,"column":0},"end":{"line":180,"column":null}},"29":{"start":{"line":182,"column":0},"end":{"line":184,"column":null}},"30":{"start":{"line":183,"column":0},"end":{"line":183,"column":null}},"31":{"start":{"line":188,"column":0},"end":{"line":194,"column":null}},"32":{"start":{"line":189,"column":0},"end":{"line":189,"column":null}},"33":{"start":{"line":190,"column":0},"end":{"line":190,"column":null}},"34":{"start":{"line":191,"column":0},"end":{"line":191,"column":null}},"35":{"start":{"line":193,"column":0},"end":{"line":193,"column":null}},"36":{"start":{"line":200,"column":0},"end":{"line":202,"column":null}},"37":{"start":{"line":201,"column":0},"end":{"line":201,"column":null}},"38":{"start":{"line":134,"column":0},"end":{"line":134,"column":null}},"39":{"start":{"line":199,"column":0},"end":{"line":199,"column":null}},"40":{"start":{"line":132,"column":0},"end":{"line":115,"column":null}},"41":{"start":{"line":117,"column":0},"end":{"line":127,"column":null}},"42":{"start":{"line":118,"column":0},"end":{"line":118,"column":null}},"43":{"start":{"line":119,"column":0},"end":{"line":119,"column":null}},"44":{"start":{"line":121,"column":0},"end":{"line":121,"column":null}},"45":{"start":{"line":122,"column":0},"end":{"line":122,"column":null}},"46":{"start":{"line":124,"column":0},"end":{"line":124,"column":null}},"47":{"start":{"line":126,"column":0},"end":{"line":126,"column":null}}},"fnMap":{"0":{"name":"(anonymous_3)","decl":{"start":{"line":132,"column":0},"end":{"line":132,"column":null}},"loc":{"start":{"line":132,"column":0},"end":{"line":204,"column":null}}},"1":{"name":"(anonymous_4)","decl":{"start":{"line":146,"column":0},"end":{"line":146,"column":null}},"loc":{"start":{"line":146,"column":0},"end":{"line":146,"column":null}}},"2":{"name":"(anonymous_5)","decl":{"start":{"line":147,"column":0},"end":{"line":147,"column":null}},"loc":{"start":{"line":147,"column":0},"end":{"line":147,"column":null}}},"3":{"name":"(anonymous_6)","decl":{"start":{"line":164,"column":0},"end":{"line":164,"column":null}},"loc":{"start":{"line":164,"column":0},"end":{"line":166,"column":null}}},"4":{"name":"(anonymous_7)","decl":{"start":{"line":168,"column":0},"end":{"line":168,"column":null}},"loc":{"start":{"line":168,"column":0},"end":{"line":170,"column":null}}},"5":{"name":"(anonymous_8)","decl":{"start":{"line":172,"column":0},"end":{"line":172,"column":null}},"loc":{"start":{"line":172,"column":0},"end":{"line":185,"column":null}}},"6":{"name":"(anonymous_9)","decl":{"start":{"line":187,"column":0},"end":{"line":187,"column":null}},"loc":{"start":{"line":187,"column":0},"end":{"line":195,"column":null}}},"7":{"name":"(anonymous_10)","decl":{"start":{"line":199,"column":0},"end":{"line":199,"column":null}},"loc":{"start":{"line":199,"column":0},"end":{"line":203,"column":null}}},"8":{"name":"(anonymous_11)","decl":{"start":{"line":116,"column":0},"end":{"line":116,"column":null}},"loc":{"start":{"line":116,"column":0},"end":{"line":128,"column":null}}}},"branchMap":{"0":{"loc":{"start":{"line":146,"column":0},"end":{"line":146,"column":null}},"type":"binary-expr","locations":[{"start":{"line":146,"column":0},"end":{"line":146,"column":null}},{"start":{"line":146,"column":0},"end":{"line":146,"column":null}}]},"1":{"loc":{"start":{"line":147,"column":0},"end":{"line":147,"column":null}},"type":"binary-expr","locations":[{"start":{"line":147,"column":0},"end":{"line":147,"column":null}},{"start":{"line":147,"column":0},"end":{"line":147,"column":null}}]},"2":{"loc":{"start":{"line":200,"column":0},"end":{"line":202,"column":null}},"type":"if","locations":[{"start":{"line":200,"column":0},"end":{"line":202,"column":null}}]}},"s":{"0":1,"1":1,"2":1,"3":1,"4":1,"5":1,"6":6,"7":6,"8":6,"9":6,"10":6,"11":6,"12":6,"13":6,"14":6,"15":6,"16":1,"17":1,"18":6,"19":6,"20":6,"21":2,"22":7,"23":7,"24":7,"25":7,"26":7,"27":7,"28":7,"29":7,"30":1,"31":1,"32":1,"33":1,"34":1,"35":0,"36":16,"37":16,"38":1,"39":1,"40":1,"41":2,"42":2,"43":1,"44":1,"45":1,"46":1,"47":1},"f":{"0":6,"1":1,"2":1,"3":6,"4":2,"5":7,"6":1,"7":16,"8":2},"b":{"0":[1,1],"1":[1,1],"2":[16]}}
,"/home/toofytroll/Projets/chartman2/frontend-next/pages/admin/article/index.vue": {"path":"/home/toofytroll/Projets/chartman2/frontend-next/pages/admin/article/index.vue","statementMap":{"0":{"start":{"line":15,"column":0},"end":{"line":15,"column":null}},"1":{"start":{"line":16,"column":0},"end":{"line":16,"column":null}},"2":{"start":{"line":17,"column":0},"end":{"line":17,"column":null}},"3":{"start":{"line":33,"column":0},"end":{"line":33,"column":null}},"4":{"start":{"line":35,"column":0},"end":{"line":35,"column":null}},"5":{"start":{"line":33,"column":0},"end":{"line":19,"column":null}},"6":{"start":{"line":21,"column":0},"end":{"line":28,"column":null}},"7":{"start":{"line":22,"column":0},"end":{"line":22,"column":null}},"8":{"start":{"line":23,"column":0},"end":{"line":23,"column":null}},"9":{"start":{"line":25,"column":0},"end":{"line":25,"column":null}},"10":{"start":{"line":27,"column":0},"end":{"line":27,"column":null}}},"fnMap":{"0":{"name":"(anonymous_3)","decl":{"start":{"line":33,"column":0},"end":{"line":33,"column":null}},"loc":{"start":{"line":33,"column":0},"end":{"line":36,"column":null}}},"1":{"name":"(anonymous_4)","decl":{"start":{"line":20,"column":0},"end":{"line":20,"column":null}},"loc":{"start":{"line":20,"column":0},"end":{"line":29,"column":null}}}},"branchMap":{},"s":{"0":1,"1":1,"2":1,"3":1,"4":2,"5":1,"6":2,"7":2,"8":1,"9":1,"10":1},"f":{"0":2,"1":2},"b":{}}
,"/home/toofytroll/Projets/chartman2/frontend-next/pages/admin/article/new.vue": {"path":"/home/toofytroll/Projets/chartman2/frontend-next/pages/admin/article/new.vue","statementMap":{"0":{"start":{"line":107,"column":0},"end":{"line":107,"column":null}},"1":{"start":{"line":108,"column":0},"end":{"line":108,"column":null}},"2":{"start":{"line":109,"column":0},"end":{"line":109,"column":null}},"3":{"start":{"line":110,"column":0},"end":{"line":110,"column":null}},"4":{"start":{"line":112,"column":0},"end":{"line":112,"column":null}},"5":{"start":{"line":128,"column":0},"end":{"line":128,"column":null}},"6":{"start":{"line":130,"column":0},"end":{"line":130,"column":null}},"7":{"start":{"line":133,"column":0},"end":{"line":133,"column":null}},"8":{"start":{"line":134,"column":0},"end":{"line":134,"column":null}},"9":{"start":{"line":135,"column":0},"end":{"line":135,"column":null}},"10":{"start":{"line":136,"column":0},"end":{"line":136,"column":null}},"11":{"start":{"line":137,"column":0},"end":{"line":137,"column":null}},"12":{"start":{"line":138,"column":0},"end":{"line":138,"column":null}},"13":{"start":{"line":139,"column":0},"end":{"line":139,"column":null}},"14":{"start":{"line":140,"column":0},"end":{"line":140,"column":null}},"15":{"start":{"line":141,"column":0},"end":{"line":141,"column":null}},"16":{"start":{"line":142,"column":0},"end":{"line":142,"column":null}},"17":{"start":{"line":143,"column":0},"end":{"line":143,"column":null}},"18":{"start":{"line":146,"column":0},"end":{"line":146,"column":null}},"19":{"start":{"line":154,"column":0},"end":{"line":154,"column":null}},"20":{"start":{"line":158,"column":0},"end":{"line":164,"column":null}},"21":{"start":{"line":159,"column":0},"end":{"line":159,"column":null}},"22":{"start":{"line":160,"column":0},"end":{"line":160,"column":null}},"23":{"start":{"line":161,"column":0},"end":{"line":161,"column":null}},"24":{"start":{"line":163,"column":0},"end":{"line":163,"column":null}},"25":{"start":{"line":169,"column":0},"end":{"line":171,"column":null}},"26":{"start":{"line":170,"column":0},"end":{"line":170,"column":null}},"27":{"start":{"line":131,"column":0},"end":{"line":131,"column":null}},"28":{"start":{"line":168,"column":0},"end":{"line":168,"column":null}},"29":{"start":{"line":128,"column":0},"end":{"line":114,"column":null}},"30":{"start":{"line":116,"column":0},"end":{"line":123,"column":null}},"31":{"start":{"line":117,"column":0},"end":{"line":117,"column":null}},"32":{"start":{"line":118,"column":0},"end":{"line":118,"column":null}},"33":{"start":{"line":120,"column":0},"end":{"line":120,"column":null}},"34":{"start":{"line":122,"column":0},"end":{"line":122,"column":null}}},"fnMap":{"0":{"name":"(anonymous_3)","decl":{"start":{"line":128,"column":0},"end":{"line":128,"column":null}},"loc":{"start":{"line":128,"column":0},"end":{"line":173,"column":null}}},"1":{"name":"(anonymous_4)","decl":{"start":{"line":142,"column":0},"end":{"line":142,"column":null}},"loc":{"start":{"line":142,"column":0},"end":{"line":142,"column":null}}},"2":{"name":"(anonymous_5)","decl":{"start":{"line":143,"column":0},"end":{"line":143,"column":null}},"loc":{"start":{"line":143,"column":0},"end":{"line":143,"column":null}}},"3":{"name":"(anonymous_6)","decl":{"start":{"line":153,"column":0},"end":{"line":153,"column":null}},"loc":{"start":{"line":153,"column":0},"end":{"line":155,"column":null}}},"4":{"name":"(anonymous_7)","decl":{"start":{"line":157,"column":0},"end":{"line":157,"column":null}},"loc":{"start":{"line":157,"column":0},"end":{"line":165,"column":null}}},"5":{"name":"(anonymous_8)","decl":{"start":{"line":168,"column":0},"end":{"line":168,"column":null}},"loc":{"start":{"line":168,"column":0},"end":{"line":172,"column":null}}},"6":{"name":"(anonymous_9)","decl":{"start":{"line":115,"column":0},"end":{"line":115,"column":null}},"loc":{"start":{"line":115,"column":0},"end":{"line":124,"column":null}}}},"branchMap":{"0":{"loc":{"start":{"line":142,"column":0},"end":{"line":142,"column":null}},"type":"binary-expr","locations":[{"start":{"line":142,"column":0},"end":{"line":142,"column":null}},{"start":{"line":142,"column":0},"end":{"line":142,"column":null}}]},"1":{"loc":{"start":{"line":143,"column":0},"end":{"line":143,"column":null}},"type":"binary-expr","locations":[{"start":{"line":143,"column":0},"end":{"line":143,"column":null}},{"start":{"line":143,"column":0},"end":{"line":143,"column":null}}]},"2":{"loc":{"start":{"line":169,"column":0},"end":{"line":171,"column":null}},"type":"if","locations":[{"start":{"line":169,"column":0},"end":{"line":171,"column":null}}]}},"s":{"0":1,"1":1,"2":1,"3":1,"4":1,"5":1,"6":5,"7":5,"8":5,"9":5,"10":5,"11":5,"12":5,"13":5,"14":5,"15":5,"16":1,"17":1,"18":5,"19":2,"20":1,"21":1,"22":1,"23":1,"24":0,"25":3,"26":3,"27":1,"28":1,"29":1,"30":2,"31":2,"32":1,"33":1,"34":1},"f":{"0":5,"1":1,"2":1,"3":2,"4":1,"5":3,"6":2},"b":{"0":[1,1],"1":[1,1],"2":[3]}}
,"/home/toofytroll/Projets/chartman2/frontend-next/pages/admin/category/_id.vue": {"path":"/home/toofytroll/Projets/chartman2/frontend-next/pages/admin/category/_id.vue","statementMap":{"0":{"start":{"line":66,"column":0},"end":{"line":66,"column":null}},"1":{"start":{"line":67,"column":0},"end":{"line":67,"column":null}},"2":{"start":{"line":68,"column":0},"end":{"line":68,"column":null}},"3":{"start":{"line":69,"column":0},"end":{"line":69,"column":null}},"4":{"start":{"line":71,"column":0},"end":{"line":71,"column":null}},"5":{"start":{"line":87,"column":0},"end":{"line":87,"column":null}},"6":{"start":{"line":89,"column":0},"end":{"line":89,"column":null}},"7":{"start":{"line":93,"column":0},"end":{"line":93,"column":null}},"8":{"start":{"line":94,"column":0},"end":{"line":94,"column":null}},"9":{"start":{"line":95,"column":0},"end":{"line":95,"column":null}},"10":{"start":{"line":96,"column":0},"end":{"line":96,"column":null}},"11":{"start":{"line":97,"column":0},"end":{"line":97,"column":null}},"12":{"start":{"line":98,"column":0},"end":{"line":98,"column":null}},"13":{"start":{"line":99,"column":0},"end":{"line":99,"column":null}},"14":{"start":{"line":100,"column":0},"end":{"line":100,"column":null}},"15":{"start":{"line":101,"column":0},"end":{"line":101,"column":null}},"16":{"start":{"line":102,"column":0},"end":{"line":102,"column":null}},"17":{"start":{"line":106,"column":0},"end":{"line":106,"column":null}},"18":{"start":{"line":107,"column":0},"end":{"line":107,"column":null}},"19":{"start":{"line":111,"column":0},"end":{"line":111,"column":null}},"20":{"start":{"line":115,"column":0},"end":{"line":121,"column":null}},"21":{"start":{"line":116,"column":0},"end":{"line":116,"column":null}},"22":{"start":{"line":117,"column":0},"end":{"line":117,"column":null}},"23":{"start":{"line":118,"column":0},"end":{"line":118,"column":null}},"24":{"start":{"line":120,"column":0},"end":{"line":120,"column":null}},"25":{"start":{"line":125,"column":0},"end":{"line":125,"column":null}},"26":{"start":{"line":90,"column":0},"end":{"line":90,"column":null}},"27":{"start":{"line":87,"column":0},"end":{"line":73,"column":null}},"28":{"start":{"line":75,"column":0},"end":{"line":82,"column":null}},"29":{"start":{"line":76,"column":0},"end":{"line":76,"column":null}},"30":{"start":{"line":77,"column":0},"end":{"line":77,"column":null}},"31":{"start":{"line":79,"column":0},"end":{"line":79,"column":null}},"32":{"start":{"line":81,"column":0},"end":{"line":81,"column":null}}},"fnMap":{"0":{"name":"(anonymous_3)","decl":{"start":{"line":87,"column":0},"end":{"line":87,"column":null}},"loc":{"start":{"line":87,"column":0},"end":{"line":127,"column":null}}},"1":{"name":"(anonymous_4)","decl":{"start":{"line":102,"column":0},"end":{"line":102,"column":null}},"loc":{"start":{"line":102,"column":0},"end":{"line":102,"column":null}}},"2":{"name":"(anonymous_5)","decl":{"start":{"line":105,"column":0},"end":{"line":105,"column":null}},"loc":{"start":{"line":105,"column":0},"end":{"line":108,"column":null}}},"3":{"name":"(anonymous_6)","decl":{"start":{"line":110,"column":0},"end":{"line":110,"column":null}},"loc":{"start":{"line":110,"column":0},"end":{"line":112,"column":null}}},"4":{"name":"(anonymous_7)","decl":{"start":{"line":114,"column":0},"end":{"line":114,"column":null}},"loc":{"start":{"line":114,"column":0},"end":{"line":122,"column":null}}},"5":{"name":"(anonymous_8)","decl":{"start":{"line":124,"column":0},"end":{"line":124,"column":null}},"loc":{"start":{"line":124,"column":0},"end":{"line":126,"column":null}}},"6":{"name":"(anonymous_9)","decl":{"start":{"line":74,"column":0},"end":{"line":74,"column":null}},"loc":{"start":{"line":74,"column":0},"end":{"line":83,"column":null}}}},"branchMap":{"0":{"loc":{"start":{"line":102,"column":0},"end":{"line":102,"column":null}},"type":"binary-expr","locations":[{"start":{"line":102,"column":0},"end":{"line":102,"column":null}},{"start":{"line":102,"column":0},"end":{"line":102,"column":null}}]}},"s":{"0":1,"1":1,"2":1,"3":1,"4":1,"5":1,"6":6,"7":6,"8":6,"9":6,"10":6,"11":6,"12":6,"13":6,"14":6,"15":6,"16":1,"17":7,"18":7,"19":6,"20":1,"21":1,"22":1,"23":1,"24":0,"25":1,"26":1,"27":1,"28":2,"29":2,"30":1,"31":1,"32":1},"f":{"0":6,"1":1,"2":7,"3":6,"4":1,"5":1,"6":2},"b":{"0":[1,1]}}
,"/home/toofytroll/Projets/chartman2/frontend-next/pages/admin/category/index.vue": {"path":"/home/toofytroll/Projets/chartman2/frontend-next/pages/admin/category/index.vue","statementMap":{"0":{"start":{"line":15,"column":0},"end":{"line":15,"column":null}},"1":{"start":{"line":16,"column":0},"end":{"line":16,"column":null}},"2":{"start":{"line":32,"column":0},"end":{"line":32,"column":null}},"3":{"start":{"line":34,"column":0},"end":{"line":34,"column":null}},"4":{"start":{"line":32,"column":0},"end":{"line":18,"column":null}},"5":{"start":{"line":20,"column":0},"end":{"line":27,"column":null}},"6":{"start":{"line":21,"column":0},"end":{"line":21,"column":null}},"7":{"start":{"line":22,"column":0},"end":{"line":22,"column":null}},"8":{"start":{"line":24,"column":0},"end":{"line":24,"column":null}},"9":{"start":{"line":26,"column":0},"end":{"line":26,"column":null}}},"fnMap":{"0":{"name":"(anonymous_3)","decl":{"start":{"line":32,"column":0},"end":{"line":32,"column":null}},"loc":{"start":{"line":32,"column":0},"end":{"line":35,"column":null}}},"1":{"name":"(anonymous_4)","decl":{"start":{"line":19,"column":0},"end":{"line":19,"column":null}},"loc":{"start":{"line":19,"column":0},"end":{"line":28,"column":null}}}},"branchMap":{},"s":{"0":1,"1":1,"2":1,"3":2,"4":1,"5":2,"6":2,"7":1,"8":1,"9":1},"f":{"0":2,"1":2},"b":{}}
,"/home/toofytroll/Projets/chartman2/frontend-next/pages/admin/category/new.vue": {"path":"/home/toofytroll/Projets/chartman2/frontend-next/pages/admin/category/new.vue","statementMap":{"0":{"start":{"line":67,"column":0},"end":{"line":67,"column":null}},"1":{"start":{"line":68,"column":0},"end":{"line":68,"column":null}},"2":{"start":{"line":69,"column":0},"end":{"line":69,"column":null}},"3":{"start":{"line":70,"column":0},"end":{"line":70,"column":null}},"4":{"start":{"line":72,"column":0},"end":{"line":72,"column":null}},"5":{"start":{"line":78,"column":0},"end":{"line":78,"column":null}},"6":{"start":{"line":80,"column":0},"end":{"line":80,"column":null}},"7":{"start":{"line":84,"column":0},"end":{"line":84,"column":null}},"8":{"start":{"line":85,"column":0},"end":{"line":85,"column":null}},"9":{"start":{"line":86,"column":0},"end":{"line":86,"column":null}},"10":{"start":{"line":87,"column":0},"end":{"line":87,"column":null}},"11":{"start":{"line":88,"column":0},"end":{"line":88,"column":null}},"12":{"start":{"line":89,"column":0},"end":{"line":89,"column":null}},"13":{"start":{"line":90,"column":0},"end":{"line":90,"column":null}},"14":{"start":{"line":91,"column":0},"end":{"line":91,"column":null}},"15":{"start":{"line":92,"column":0},"end":{"line":92,"column":null}},"16":{"start":{"line":96,"column":0},"end":{"line":102,"column":null}},"17":{"start":{"line":97,"column":0},"end":{"line":97,"column":null}},"18":{"start":{"line":98,"column":0},"end":{"line":98,"column":null}},"19":{"start":{"line":99,"column":0},"end":{"line":99,"column":null}},"20":{"start":{"line":101,"column":0},"end":{"line":101,"column":null}},"21":{"start":{"line":106,"column":0},"end":{"line":106,"column":null}},"22":{"start":{"line":81,"column":0},"end":{"line":81,"column":null}},"23":{"start":{"line":78,"column":0},"end":{"line":74,"column":null}}},"fnMap":{"0":{"name":"(anonymous_3)","decl":{"start":{"line":78,"column":0},"end":{"line":78,"column":null}},"loc":{"start":{"line":78,"column":0},"end":{"line":108,"column":null}}},"1":{"name":"(anonymous_4)","decl":{"start":{"line":92,"column":0},"end":{"line":92,"column":null}},"loc":{"start":{"line":92,"column":0},"end":{"line":92,"column":null}}},"2":{"name":"(anonymous_5)","decl":{"start":{"line":95,"column":0},"end":{"line":95,"column":null}},"loc":{"start":{"line":95,"column":0},"end":{"line":103,"column":null}}},"3":{"name":"(anonymous_6)","decl":{"start":{"line":105,"column":0},"end":{"line":105,"column":null}},"loc":{"start":{"line":105,"column":0},"end":{"line":107,"column":null}}}},"branchMap":{"0":{"loc":{"start":{"line":92,"column":0},"end":{"line":92,"column":null}},"type":"binary-expr","locations":[{"start":{"line":92,"column":0},"end":{"line":92,"column":null}},{"start":{"line":92,"column":0},"end":{"line":92,"column":null}}]}},"s":{"0":1,"1":1,"2":1,"3":1,"4":1,"5":1,"6":4,"7":4,"8":4,"9":4,"10":4,"11":4,"12":4,"13":4,"14":4,"15":1,"16":1,"17":1,"18":1,"19":1,"20":0,"21":1,"22":1,"23":1},"f":{"0":4,"1":1,"2":1,"3":1},"b":{"0":[1,1]}}
,"/home/toofytroll/Projets/chartman2/frontend-next/pages/tutorials/index.vue": {"path":"/home/toofytroll/Projets/chartman2/frontend-next/pages/tutorials/index.vue","statementMap":{"0":{"start":{"line":76,"column":0},"end":{"line":76,"column":null}},"1":{"start":{"line":91,"column":0},"end":{"line":91,"column":null}},"2":{"start":{"line":92,"column":0},"end":{"line":92,"column":null}},"3":{"start":{"line":93,"column":0},"end":{"line":93,"column":null}},"4":{"start":{"line":94,"column":0},"end":{"line":94,"column":null}},"5":{"start":{"line":95,"column":0},"end":{"line":95,"column":null}},"6":{"start":{"line":98,"column":0},"end":{"line":98,"column":null}},"7":{"start":{"line":102,"column":0},"end":{"line":102,"column":null}},"8":{"start":{"line":91,"column":0},"end":{"line":79,"column":null}},"9":{"start":{"line":81,"column":0},"end":{"line":88,"column":null}},"10":{"start":{"line":82,"column":0},"end":{"line":82,"column":null}},"11":{"start":{"line":83,"column":0},"end":{"line":83,"column":null}},"12":{"start":{"line":85,"column":0},"end":{"line":85,"column":null}},"13":{"start":{"line":87,"column":0},"end":{"line":87,"column":null}}},"fnMap":{"0":{"name":"(anonymous_2)","decl":{"start":{"line":91,"column":0},"end":{"line":91,"column":null}},"loc":{"start":{"line":91,"column":0},"end":{"line":104,"column":null}}},"1":{"name":"(anonymous_3)","decl":{"start":{"line":97,"column":0},"end":{"line":97,"column":null}},"loc":{"start":{"line":97,"column":0},"end":{"line":99,"column":null}}},"2":{"name":"(anonymous_4)","decl":{"start":{"line":101,"column":0},"end":{"line":101,"column":null}},"loc":{"start":{"line":101,"column":0},"end":{"line":103,"column":null}}},"3":{"name":"(anonymous_5)","decl":{"start":{"line":80,"column":0},"end":{"line":80,"column":null}},"loc":{"start":{"line":80,"column":0},"end":{"line":89,"column":null}}}},"branchMap":{},"s":{"0":1,"1":1,"2":4,"3":4,"4":4,"5":4,"6":1,"7":1,"8":1,"9":2,"10":2,"11":1,"12":1,"13":1},"f":{"0":4,"1":1,"2":1,"3":2},"b":{}}
,"/home/toofytroll/Projets/chartman2/frontend-next/pages/tutorials/article/_id.vue": {"path":"/home/toofytroll/Projets/chartman2/frontend-next/pages/tutorials/article/_id.vue","statementMap":{"0":{"start":{"line":69,"column":0},"end":{"line":69,"column":null}},"1":{"start":{"line":70,"column":0},"end":{"line":70,"column":null}},"2":{"start":{"line":71,"column":0},"end":{"line":71,"column":null}},"3":{"start":{"line":72,"column":0},"end":{"line":72,"column":null}},"4":{"start":{"line":74,"column":0},"end":{"line":74,"column":null}},"5":{"start":{"line":106,"column":0},"end":{"line":106,"column":null}},"6":{"start":{"line":107,"column":0},"end":{"line":107,"column":null}},"7":{"start":{"line":110,"column":0},"end":{"line":110,"column":null}},"8":{"start":{"line":111,"column":0},"end":{"line":111,"column":null}},"9":{"start":{"line":112,"column":0},"end":{"line":112,"column":null}},"10":{"start":{"line":114,"column":0},"end":{"line":114,"column":null}},"11":{"start":{"line":122,"column":0},"end":{"line":122,"column":null}},"12":{"start":{"line":126,"column":0},"end":{"line":126,"column":null}},"13":{"start":{"line":108,"column":0},"end":{"line":108,"column":null}},"14":{"start":{"line":106,"column":0},"end":{"line":76,"column":null}},"15":{"start":{"line":78,"column":0},"end":{"line":85,"column":null}},"16":{"start":{"line":79,"column":0},"end":{"line":79,"column":null}},"17":{"start":{"line":80,"column":0},"end":{"line":80,"column":null}},"18":{"start":{"line":82,"column":0},"end":{"line":82,"column":null}},"19":{"start":{"line":84,"column":0},"end":{"line":84,"column":null}},"20":{"start":{"line":88,"column":0},"end":{"line":88,"column":null}}},"fnMap":{"0":{"name":"(anonymous_3)","decl":{"start":{"line":106,"column":0},"end":{"line":106,"column":null}},"loc":{"start":{"line":106,"column":0},"end":{"line":128,"column":null}}},"1":{"name":"(anonymous_4)","decl":{"start":{"line":121,"column":0},"end":{"line":121,"column":null}},"loc":{"start":{"line":121,"column":0},"end":{"line":123,"column":null}}},"2":{"name":"(anonymous_5)","decl":{"start":{"line":125,"column":0},"end":{"line":125,"column":null}},"loc":{"start":{"line":125,"column":0},"end":{"line":127,"column":null}}},"3":{"name":"(anonymous_6)","decl":{"start":{"line":77,"column":0},"end":{"line":77,"column":null}},"loc":{"start":{"line":77,"column":0},"end":{"line":86,"column":null}}},"4":{"name":"(anonymous_7)","decl":{"start":{"line":87,"column":0},"end":{"line":87,"column":null}},"loc":{"start":{"line":87,"column":0},"end":{"line":103,"column":null}}}},"branchMap":{},"s":{"0":1,"1":1,"2":1,"3":1,"4":1,"5":1,"6":4,"7":4,"8":4,"9":4,"10":4,"11":0,"12":1,"13":1,"14":1,"15":3,"16":3,"17":2,"18":2,"19":1,"20":0},"f":{"0":4,"1":0,"2":1,"3":3,"4":0},"b":{}}
,"/home/toofytroll/Projets/chartman2/frontend-next/pages/tutorials/category/_id.vue": {"path":"/home/toofytroll/Projets/chartman2/frontend-next/pages/tutorials/category/_id.vue","statementMap":{"0":{"start":{"line":78,"column":0},"end":{"line":78,"column":null}},"1":{"start":{"line":113,"column":0},"end":{"line":113,"column":null}},"2":{"start":{"line":114,"column":0},"end":{"line":114,"column":null}},"3":{"start":{"line":115,"column":0},"end":{"line":115,"column":null}},"4":{"start":{"line":116,"column":0},"end":{"line":116,"column":null}},"5":{"start":{"line":117,"column":0},"end":{"line":117,"column":null}},"6":{"start":{"line":120,"column":0},"end":{"line":120,"column":null}},"7":{"start":{"line":124,"column":0},"end":{"line":124,"column":null}},"8":{"start":{"line":113,"column":0},"end":{"line":81,"column":null}},"9":{"start":{"line":83,"column":0},"end":{"line":93,"column":null}},"10":{"start":{"line":84,"column":0},"end":{"line":84,"column":null}},"11":{"start":{"line":85,"column":0},"end":{"line":85,"column":null}},"12":{"start":{"line":87,"column":0},"end":{"line":87,"column":null}},"13":{"start":{"line":88,"column":0},"end":{"line":88,"column":null}},"14":{"start":{"line":90,"column":0},"end":{"line":90,"column":null}},"15":{"start":{"line":92,"column":0},"end":{"line":92,"column":null}},"16":{"start":{"line":96,"column":0},"end":{"line":96,"column":null}}},"fnMap":{"0":{"name":"(anonymous_2)","decl":{"start":{"line":113,"column":0},"end":{"line":113,"column":null}},"loc":{"start":{"line":113,"column":0},"end":{"line":126,"column":null}}},"1":{"name":"(anonymous_3)","decl":{"start":{"line":119,"column":0},"end":{"line":119,"column":null}},"loc":{"start":{"line":119,"column":0},"end":{"line":121,"column":null}}},"2":{"name":"(anonymous_4)","decl":{"start":{"line":123,"column":0},"end":{"line":123,"column":null}},"loc":{"start":{"line":123,"column":0},"end":{"line":125,"column":null}}},"3":{"name":"(anonymous_5)","decl":{"start":{"line":82,"column":0},"end":{"line":82,"column":null}},"loc":{"start":{"line":82,"column":0},"end":{"line":94,"column":null}}},"4":{"name":"(anonymous_6)","decl":{"start":{"line":95,"column":0},"end":{"line":95,"column":null}},"loc":{"start":{"line":95,"column":0},"end":{"line":111,"column":null}}}},"branchMap":{},"s":{"0":1,"1":1,"2":5,"3":5,"4":5,"5":5,"6":1,"7":1,"8":1,"9":3,"10":3,"11":2,"12":2,"13":2,"14":2,"15":1,"16":0},"f":{"0":5,"1":1,"2":1,"3":3,"4":0},"b":{}}
,"/home/toofytroll/Projets/chartman2/frontend-next/store/MainStore.ts": {"path":"/home/toofytroll/Projets/chartman2/frontend-next/store/MainStore.ts","statementMap":{"0":{"start":{"line":1,"column":0},"end":{"line":1,"column":86}},"1":{"start":{"line":9,"column":0},"end":{"line":59,"column":null}},"2":{"start":{"line":10,"column":2},"end":{"line":10,"column":null}},"3":{"start":{"line":11,"column":2},"end":{"line":11,"column":null}},"4":{"start":{"line":12,"column":2},"end":{"line":18,"column":null}},"5":{"start":{"line":20,"column":2},"end":{"line":22,"column":null}},"6":{"start":{"line":26,"column":4},"end":{"line":26,"column":null}},"7":{"start":{"line":31,"column":4},"end":{"line":31,"column":null}},"8":{"start":{"line":35,"column":4},"end":{"line":35,"column":null}},"9":{"start":{"line":39,"column":4},"end":{"line":39,"column":null}},"10":{"start":{"line":43,"column":4},"end":{"line":43,"column":null}},"11":{"start":{"line":48,"column":4},"end":{"line":48,"column":null}},"12":{"start":{"line":49,"column":4},"end":{"line":49,"column":null}},"13":{"start":{"line":50,"column":4},"end":{"line":52,"column":null}},"14":{"start":{"line":51,"column":6},"end":{"line":51,"column":null}},"15":{"start":{"line":57,"column":4},"end":{"line":57,"column":null}},"16":{"start":{"line":25,"column":2},"end":{"line":27,"column":null}},"17":{"start":{"line":30,"column":2},"end":{"line":32,"column":null}},"18":{"start":{"line":47,"column":2},"end":{"line":53,"column":null}},"19":{"start":{"line":56,"column":2},"end":{"line":58,"column":null}},"20":{"start":{"line":9,"column":21},"end":{"line":59,"column":null}},"21":{"start":{"line":9,"column":21},"end":{"line":9,"column":31}}},"fnMap":{"0":{"name":"(anonymous_1)","decl":{"start":{"line":9,"column":0},"end":{"line":9,"column":21}},"loc":{"start":{"line":9,"column":0},"end":{"line":59,"column":1}}},"1":{"name":"(anonymous_2)","decl":{"start":{"line":25,"column":2},"end":{"line":25,"column":17}},"loc":{"start":{"line":25,"column":31},"end":{"line":27,"column":3}}},"2":{"name":"(anonymous_3)","decl":{"start":{"line":30,"column":2},"end":{"line":30,"column":13}},"loc":{"start":{"line":30,"column":31},"end":{"line":32,"column":3}}},"3":{"name":"(anonymous_4)","decl":{"start":{"line":34,"column":2},"end":{"line":34,"column":6}},"loc":{"start":{"line":34,"column":23},"end":{"line":36,"column":3}}},"4":{"name":"(anonymous_5)","decl":{"start":{"line":38,"column":2},"end":{"line":38,"column":6}},"loc":{"start":{"line":38,"column":21},"end":{"line":40,"column":3}}},"5":{"name":"(anonymous_6)","decl":{"start":{"line":42,"column":2},"end":{"line":42,"column":6}},"loc":{"start":{"line":42,"column":22},"end":{"line":44,"column":3}}},"6":{"name":"(anonymous_7)","decl":{"start":{"line":47,"column":2},"end":{"line":47,"column":14}},"loc":{"start":{"line":47,"column":28},"end":{"line":53,"column":3}}},"7":{"name":"(anonymous_8)","decl":{"start":{"line":50,"column":15},"end":{"line":50,"column":18}},"loc":{"start":{"line":50,"column":20},"end":{"line":52,"column":5}}},"8":{"name":"(anonymous_9)","decl":{"start":{"line":56,"column":2},"end":{"line":56,"column":15}},"loc":{"start":{"line":56,"column":15},"end":{"line":58,"column":3}}}},"branchMap":{},"s":{"0":14,"1":14,"2":17,"3":17,"4":17,"5":17,"6":2,"7":3,"8":1,"9":1,"10":0,"11":1,"12":1,"13":1,"14":0,"15":1,"16":14,"17":14,"18":14,"19":14,"20":14,"21":14},"f":{"0":17,"1":2,"2":3,"3":1,"4":1,"5":0,"6":1,"7":0,"8":1},"b":{}}
}
