TN:
SF:components/Base/BaseAvatar.vue
FN:42,(anonymous_3)
FN:51,(anonymous_4)
FN:57,(anonymous_5)
FN:61,(anonymous_6)
FNF:4
FNH:4
FNDA:4,(anonymous_3)
FNDA:4,(anonymous_4)
FNDA:4,(anonymous_5)
FNDA:4,(anonymous_6)
DA:34,5
DA:35,5
DA:42,5
DA:43,5
DA:44,5
DA:45,5
DA:46,5
DA:47,5
DA:49,4
DA:52,4
DA:58,4
DA:62,4
DA:64,4
LF:13
LH:13
BRDA:52,0,0,4
BRDA:52,0,1,4
BRF:2
BRH:2
end_of_record
TN:
SF:components/Base/BaseBtn.vue
FN:20,(anonymous_2)
FNF:1
FNH:1
FNDA:1,(anonymous_2)
DA:17,1
DA:20,2
DA:21,2
DA:22,2
DA:23,2
DA:24,2
LF:6
LH:6
BRF:0
BRH:0
end_of_record
TN:
SF:components/Base/BaseIcon.vue
FNF:0
FNH:0
DA:8,6
DA:11,12
DA:12,6
LF:3
LH:3
BRF:0
BRH:0
end_of_record
TN:
SF:components/Base/BaseImage.vue
FNF:0
FNH:0
DA:11,1
DA:14,2
LF:2
LH:2
BRF:0
BRH:0
end_of_record
TN:
SF:components/Base/BaseInformation.vue
FN:62,(anonymous_3)
FN:66,(anonymous_4)
FN:70,(anonymous_5)
FN:74,(anonymous_6)
FN:78,(anonymous_7)
FN:82,(anonymous_8)
FN:86,(anonymous_9)
FN:90,(anonymous_10)
FN:94,(anonymous_11)
FN:98,(anonymous_12)
FNF:10
FNH:10
FNDA:71,(anonymous_3)
FNDA:71,(anonymous_4)
FNDA:59,(anonymous_5)
FNDA:59,(anonymous_6)
FNDA:71,(anonymous_7)
FNDA:13,(anonymous_8)
FNDA:71,(anonymous_9)
FNDA:71,(anonymous_10)
FNDA:71,(anonymous_11)
FNDA:71,(anonymous_12)
DA:44,4
DA:45,4
DA:50,4
DA:51,4
DA:52,4
DA:53,4
DA:54,4
DA:55,4
DA:56,4
DA:57,4
DA:58,4
DA:59,4
DA:60,4
DA:63,71
DA:67,71
DA:71,59
DA:75,59
DA:79,71
DA:83,13
DA:87,71
DA:91,71
DA:95,71
DA:99,71
LF:23
LH:23
BRF:0
BRH:0
end_of_record
TN:
SF:components/Blog/BlogInformation.vue
FN:84,(anonymous_3)
FN:197,(anonymous_4)
FNF:2
FNH:2
FNDA:3,(anonymous_3)
FNDA:169,(anonymous_4)
DA:76,2
DA:77,2
DA:84,2
DA:85,3
DA:198,169
LF:5
LH:5
BRDA:198,0,0,88
BRDA:198,0,1,81
BRF:2
BRH:2
end_of_record
TN:
SF:components/Blog/Presentation.vue
FN:106,(anonymous_3)
FN:111,(anonymous_4)
FN:115,(anonymous_5)
FN:126,(anonymous_6)
FN:138,(anonymous_7)
FNF:5
FNH:5
FNDA:6,(anonymous_3)
FNDA:8,(anonymous_4)
FNDA:2,(anonymous_5)
FNDA:3,(anonymous_6)
FNDA:3,(anonymous_7)
DA:100,2
DA:101,2
DA:103,2
DA:106,4
DA:107,6
DA:108,2
DA:110,6
DA:112,8
DA:116,2
DA:117,2
DA:119,2
DA:120,1
DA:122,1
DA:127,3
DA:129,3
DA:130,3
DA:131,2
DA:135,3
DA:139,3
LF:19
LH:19
BRDA:112,0,0,6
BRDA:112,0,1,2
BRDA:119,1,0,1
BRDA:119,1,1,1
BRDA:130,2,0,2
BRF:5
BRH:5
end_of_record
TN:
SF:components/Blog/Skills.vue
FN:47,(anonymous_3)
FN:50,(anonymous_4)
FNF:2
FNH:2
FNDA:3,(anonymous_3)
FNDA:127,(anonymous_4)
DA:38,2
DA:39,2
DA:40,2
DA:47,2
DA:48,3
DA:51,127
LF:6
LH:6
BRDA:51,0,0,73
BRDA:51,0,1,54
BRF:2
BRH:2
end_of_record
TN:
SF:components/Home/FadeView.vue
FNF:0
FNH:0
DA:10,1
DA:13,2
LF:2
LH:2
BRF:0
BRH:0
end_of_record
TN:
SF:components/Home/HomeAppBar.vue
FN:63,(anonymous_3)
FN:66,(anonymous_4)
FNF:2
FNH:2
FNDA:3,(anonymous_3)
FNDA:3,(anonymous_4)
DA:55,2
DA:56,2
DA:63,2
DA:64,3
DA:67,3
LF:5
LH:5
BRF:0
BRH:0
end_of_record
TN:
SF:components/Home/HomeArticleList.vue
FN:182,(anonymous_3)
FN:208,(anonymous_4)
FN:212,(anonymous_5)
FN:216,(anonymous_6)
FN:220,(anonymous_7)
FN:227,(anonymous_8)
FN:228,(anonymous_9)
FN:229,(anonymous_10)
FN:234,(anonymous_11)
FN:237,(anonymous_12)
FN:243,(anonymous_13)
FN:247,(anonymous_14)
FN:259,(anonymous_15)
FN:270,(anonymous_16)
FN:189,(anonymous_17)
FNF:15
FNH:15
FNDA:10,(anonymous_3)
FNDA:1,(anonymous_4)
FNDA:1,(anonymous_5)
FNDA:10,(anonymous_6)
FNDA:1,(anonymous_7)
FNDA:1,(anonymous_8)
FNDA:1,(anonymous_9)
FNDA:1,(anonymous_10)
FNDA:1,(anonymous_11)
FNDA:1,(anonymous_12)
FNDA:1,(anonymous_13)
FNDA:1,(anonymous_14)
FNDA:1,(anonymous_15)
FNDA:11,(anonymous_16)
FNDA:10,(anonymous_17)
DA:172,1
DA:173,1
DA:174,1
DA:177,1
DA:182,1
DA:183,10
DA:184,1
DA:186,1
DA:187,1
DA:188,1
DA:189,11
DA:190,1
DA:192,10
DA:193,10
DA:194,10
DA:195,10
DA:196,10
DA:197,10
DA:198,10
DA:199,10
DA:200,10
DA:201,10
DA:202,10
DA:209,1
DA:213,1
DA:217,10
DA:221,1
DA:222,1
DA:223,1
DA:224,1
DA:228,1
DA:229,1
DA:230,1
DA:234,2
DA:238,1
DA:239,1
DA:240,1
DA:244,1
DA:248,1
DA:249,1
DA:250,1
DA:251,1
DA:253,1
DA:255,0
DA:260,1
DA:261,1
DA:262,1
DA:264,1
DA:266,0
DA:271,11
DA:273,11
LF:51
LH:49
BRDA:264,0,0,0
BRDA:264,0,1,1
BRF:2
BRH:1
end_of_record
TN:
SF:components/Home/HomeCard.vue
FNF:0
FNH:0
DA:41,2
DA:44,4
DA:45,2
DA:46,2
DA:47,2
DA:48,2
LF:6
LH:6
BRF:0
BRH:0
end_of_record
TN:
SF:components/Home/HomeCategoryList.vue
FN:95,(anonymous_3)
FN:113,(anonymous_4)
FN:117,(anonymous_5)
FN:121,(anonymous_6)
FN:128,(anonymous_7)
FN:132,(anonymous_8)
FN:104,(anonymous_9)
FNF:7
FNH:7
FNDA:6,(anonymous_3)
FNDA:1,(anonymous_4)
FNDA:1,(anonymous_5)
FNDA:1,(anonymous_6)
FNDA:1,(anonymous_7)
FNDA:1,(anonymous_8)
FNDA:6,(anonymous_9)
DA:89,1
DA:90,1
DA:92,1
DA:95,2
DA:97,6
DA:98,1
DA:101,1
DA:102,1
DA:103,1
DA:104,7
DA:105,1
DA:107,6
DA:108,6
DA:109,6
DA:110,6
DA:111,6
DA:114,1
DA:118,1
DA:122,1
DA:123,1
DA:124,1
DA:125,1
DA:129,1
DA:133,1
DA:134,1
DA:135,1
DA:136,1
DA:137,1
DA:139,0
LF:29
LH:28
BRF:0
BRH:0
end_of_record
TN:
SF:components/Home/HomeDrawer.vue
FNF:0
FNH:0
DA:34,3
DA:37,6
DA:38,3
LF:3
LH:3
BRF:0
BRH:0
end_of_record
TN:
SF:components/Home/HomeFooter.vue
FN:54,(anonymous_2)
FNF:1
FNH:1
FNDA:3,(anonymous_2)
DA:50,2
DA:53,4
DA:55,3
LF:3
LH:3
BRF:0
BRH:0
end_of_record
TN:
SF:components/Home/HomeList.vue
FN:91,(anonymous_5)
FN:92,(anonymous_6)
FN:95,(anonymous_8)
FN:99,(anonymous_9)
FN:86,(anonymous_10)
FNF:5
FNH:4
FNDA:1,(anonymous_5)
FNDA:0,(anonymous_6)
FNDA:6,(anonymous_8)
FNDA:1,(anonymous_9)
FNDA:4,(anonymous_10)
DA:78,5
DA:81,10
DA:82,5
DA:83,5
DA:84,5
DA:85,5
DA:86,9
DA:87,5
DA:88,5
DA:89,5
DA:92,1
DA:96,6
DA:100,1
LF:13
LH:13
BRF:0
BRH:0
end_of_record
TN:
SF:components/Home/HomeNew.vue
FN:67,(anonymous_2)
FN:71,(anonymous_3)
FN:63,(anonymous_4)
FNF:3
FNH:3
FNDA:3,(anonymous_2)
FNDA:1,(anonymous_3)
FNDA:3,(anonymous_4)
DA:55,1
DA:58,2
DA:59,1
DA:60,1
DA:61,1
DA:62,1
DA:63,4
DA:64,1
DA:65,1
DA:68,3
DA:72,1
LF:11
LH:11
BRF:0
BRH:0
end_of_record
TN:
SF:components/Home/Login.vue
FN:78,(anonymous_3)
FN:88,(anonymous_4)
FN:89,(anonymous_5)
FN:90,(anonymous_6)
FN:95,(anonymous_7)
FN:107,(anonymous_8)
FN:114,(anonymous_9)
FN:119,(anonymous_10)
FNF:8
FNH:8
FNDA:8,(anonymous_3)
FNDA:1,(anonymous_4)
FNDA:1,(anonymous_5)
FNDA:1,(anonymous_6)
FNDA:1,(anonymous_7)
FNDA:1,(anonymous_8)
FNDA:1,(anonymous_9)
FNDA:2,(anonymous_10)
DA:72,3
DA:73,3
DA:75,3
DA:78,6
DA:79,8
DA:80,3
DA:82,8
DA:83,8
DA:84,8
DA:85,8
DA:86,8
DA:87,8
DA:88,1
DA:89,1
DA:90,1
DA:93,8
DA:96,1
DA:97,1
DA:98,1
DA:100,1
DA:101,0
DA:103,1
DA:108,1
DA:110,1
DA:111,1
DA:115,1
DA:119,3
DA:120,2
LF:28
LH:27
BRDA:88,0,0,1
BRDA:88,0,1,1
BRDA:89,1,0,1
BRDA:89,1,1,1
BRDA:89,1,2,1
BRDA:90,2,0,1
BRDA:90,2,1,1
BRF:7
BRH:7
end_of_record
TN:
SF:components/Home/Register.vue
FN:69,(anonymous_2)
FN:78,(anonymous_3)
FN:79,(anonymous_4)
FN:80,(anonymous_5)
FN:83,(anonymous_6)
FN:84,(anonymous_7)
FN:87,(anonymous_8)
FNF:7
FNH:7
FNDA:5,(anonymous_2)
FNDA:1,(anonymous_3)
FNDA:1,(anonymous_4)
FNDA:1,(anonymous_5)
FNDA:5,(anonymous_6)
FNDA:3,(anonymous_7)
FNDA:1,(anonymous_8)
DA:66,2
DA:69,4
DA:70,5
DA:71,5
DA:72,5
DA:73,5
DA:74,5
DA:75,5
DA:76,5
DA:77,5
DA:78,1
DA:79,1
DA:80,1
DA:84,8
DA:88,1
LF:15
LH:15
BRDA:78,0,0,1
BRDA:78,0,1,1
BRDA:79,1,0,1
BRDA:79,1,1,1
BRDA:80,2,0,1
BRDA:80,2,1,1
BRDA:80,2,2,1
BRDA:84,3,0,3
BRDA:84,3,1,1
BRF:9
BRH:9
end_of_record
TN:
SF:layouts/default.vue
FN:55,(anonymous_3)
FN:63,(anonymous_4)
FN:68,(anonymous_5)
FN:73,(anonymous_6)
FNF:4
FNH:3
FNDA:1,(anonymous_3)
FNDA:1,(anonymous_4)
FNDA:0,(anonymous_5)
FNDA:1,(anonymous_6)
DA:42,1
DA:43,1
DA:44,1
DA:46,1
DA:48,1
DA:55,1
DA:56,1
DA:57,1
DA:58,1
DA:59,1
DA:61,1
DA:64,1
DA:68,1
DA:69,0
DA:73,1
DA:74,1
DA:75,0
LF:17
LH:15
BRDA:74,0,0,0
BRF:1
BRH:0
end_of_record
TN:
SF:layouts/error.vue
FN:550,(anonymous_2)
FN:557,(anonymous_3)
FNF:2
FNH:1
FNDA:2,(anonymous_2)
FNDA:0,(anonymous_3)
DA:547,1
DA:550,2
DA:551,1
DA:553,2
DA:554,2
DA:555,2
DA:558,0
LF:7
LH:6
BRDA:558,0,0,0
BRDA:558,0,1,0
BRF:2
BRH:0
end_of_record
TN:
SF:pages/authenticate.vue
FN:50,(anonymous_3)
FNF:1
FNH:1
FNDA:1,(anonymous_3)
DA:41,1
DA:42,1
DA:43,1
DA:50,1
DA:51,1
DA:52,1
DA:53,1
LF:7
LH:7
BRF:0
BRH:0
end_of_record
TN:
SF:pages/index.vue
FNF:0
FNH:0
DA:10,1
DA:11,1
DA:12,1
DA:13,1
DA:20,1
LF:5
LH:5
BRF:0
BRH:0
end_of_record
TN:
SF:pages/redirect.vue
FN:547,(anonymous_2)
FNF:1
FNH:1
FNDA:1,(anonymous_2)
DA:543,1
DA:546,2
DA:548,1
DA:550,1
LF:4
LH:4
BRDA:548,0,0,0
BRDA:548,0,1,1
BRF:2
BRH:1
end_of_record
TN:
SF:pages/admin/cards.vue
FN:34,(anonymous_3)
FNF:1
FNH:1
FNDA:1,(anonymous_3)
DA:27,1
DA:28,1
DA:34,1
DA:35,1
DA:36,1
DA:37,1
DA:38,1
LF:7
LH:7
BRF:0
BRH:0
end_of_record
TN:
SF:pages/admin/index.vue
FN:53,(anonymous_3)
FN:66,(anonymous_4)
FN:74,(anonymous_5)
FN:77,(anonymous_6)
FNF:4
FNH:4
FNDA:2,(anonymous_3)
FNDA:2,(anonymous_4)
FNDA:2,(anonymous_5)
FNDA:2,(anonymous_6)
DA:42,1
DA:43,1
DA:44,1
DA:46,1
DA:53,1
DA:54,2
DA:55,1
DA:57,2
DA:58,2
DA:59,2
DA:60,2
DA:61,2
DA:62,2
DA:67,2
DA:69,2
DA:70,2
DA:75,2
DA:77,2
DA:80,2
DA:82,2
DA:83,0
DA:85,2
LF:22
LH:21
BRDA:69,0,0,2
BRDA:69,1,0,2
BRDA:69,1,1,2
BRDA:82,2,0,0
BRDA:82,2,1,2
BRDA:82,3,0,2
BRDA:82,3,1,2
BRF:7
BRH:6
end_of_record
TN:
SF:pages/admin/article/_id.vue
FN:131,(anonymous_3)
FN:146,(anonymous_4)
FN:147,(anonymous_5)
FN:166,(anonymous_6)
FN:170,(anonymous_7)
FN:174,(anonymous_8)
FN:189,(anonymous_9)
FN:191,(anonymous_10)
FN:196,(anonymous_11)
FN:207,(anonymous_12)
FN:117,(anonymous_13)
FNF:11
FNH:9
FNDA:6,(anonymous_3)
FNDA:1,(anonymous_4)
FNDA:1,(anonymous_5)
FNDA:6,(anonymous_6)
FNDA:1,(anonymous_7)
FNDA:7,(anonymous_8)
FNDA:1,(anonymous_9)
FNDA:0,(anonymous_10)
FNDA:0,(anonymous_11)
FNDA:16,(anonymous_12)
FNDA:1,(anonymous_13)
DA:108,1
DA:109,1
DA:110,1
DA:111,1
DA:112,1
DA:114,1
DA:118,1
DA:119,1
DA:121,1
DA:122,1
DA:124,1
DA:126,1
DA:131,1
DA:132,6
DA:133,1
DA:136,6
DA:137,6
DA:138,6
DA:139,6
DA:140,6
DA:141,6
DA:142,6
DA:143,6
DA:144,6
DA:145,6
DA:146,1
DA:147,1
DA:150,6
DA:167,6
DA:171,1
DA:175,7
DA:176,7
DA:177,7
DA:179,7
DA:180,7
DA:181,7
DA:182,7
DA:184,7
DA:185,1
DA:190,1
DA:191,1
DA:194,0
DA:195,0
DA:198,0
DA:201,1
DA:207,1
DA:208,16
DA:209,16
LF:48
LH:45
BRDA:146,0,0,1
BRDA:146,0,1,1
BRDA:147,1,0,1
BRDA:147,1,1,1
BRDA:208,2,0,16
BRF:5
BRH:5
end_of_record
TN:
SF:pages/admin/article/index.vue
FN:29,(anonymous_3)
FN:20,(anonymous_4)
FNF:2
FNH:2
FNDA:2,(anonymous_3)
FNDA:1,(anonymous_4)
DA:15,1
DA:16,1
DA:17,1
DA:21,1
DA:22,1
DA:24,1
DA:29,1
DA:31,2
LF:8
LH:8
BRF:0
BRH:0
end_of_record
TN:
SF:pages/admin/article/new.vue
FN:127,(anonymous_3)
FN:141,(anonymous_4)
FN:142,(anonymous_5)
FN:152,(anonymous_6)
FN:156,(anonymous_7)
FN:170,(anonymous_8)
FN:116,(anonymous_9)
FNF:7
FNH:7
FNDA:5,(anonymous_3)
FNDA:1,(anonymous_4)
FNDA:1,(anonymous_5)
FNDA:2,(anonymous_6)
FNDA:1,(anonymous_7)
FNDA:3,(anonymous_8)
FNDA:1,(anonymous_9)
DA:107,1
DA:108,1
DA:109,1
DA:110,1
DA:111,1
DA:113,1
DA:117,1
DA:119,1
DA:120,1
DA:122,1
DA:127,1
DA:129,5
DA:130,1
DA:132,5
DA:133,5
DA:134,5
DA:135,5
DA:136,5
DA:137,5
DA:138,5
DA:139,5
DA:140,5
DA:141,1
DA:142,1
DA:145,5
DA:153,2
DA:157,1
DA:158,1
DA:160,1
DA:161,1
DA:163,0
DA:165,0
DA:170,1
DA:171,3
DA:172,3
LF:35
LH:33
BRDA:141,0,0,1
BRDA:141,0,1,1
BRDA:142,1,0,1
BRDA:142,1,1,1
BRDA:171,2,0,3
BRF:5
BRH:5
end_of_record
TN:
SF:pages/admin/category/_id.vue
FN:85,(anonymous_3)
FN:100,(anonymous_4)
FN:103,(anonymous_5)
FN:108,(anonymous_6)
FN:112,(anonymous_7)
FN:122,(anonymous_8)
FN:75,(anonymous_9)
FNF:7
FNH:7
FNDA:6,(anonymous_3)
FNDA:1,(anonymous_4)
FNDA:7,(anonymous_5)
FNDA:6,(anonymous_6)
FNDA:1,(anonymous_7)
FNDA:1,(anonymous_8)
FNDA:1,(anonymous_9)
DA:66,1
DA:67,1
DA:68,1
DA:69,1
DA:70,1
DA:72,1
DA:76,1
DA:77,1
DA:78,1
DA:80,1
DA:85,1
DA:87,6
DA:88,1
DA:91,6
DA:92,6
DA:93,6
DA:94,6
DA:95,6
DA:96,6
DA:97,6
DA:98,6
DA:99,6
DA:100,1
DA:104,7
DA:105,7
DA:109,6
DA:113,1
DA:114,1
DA:115,1
DA:116,1
DA:118,0
DA:123,1
LF:32
LH:31
BRDA:100,0,0,1
BRDA:100,0,1,1
BRF:2
BRH:2
end_of_record
TN:
SF:pages/admin/category/index.vue
FN:29,(anonymous_3)
FN:19,(anonymous_4)
FNF:2
FNH:2
FNDA:2,(anonymous_3)
FNDA:1,(anonymous_4)
DA:15,1
DA:16,1
DA:20,1
DA:21,1
DA:22,1
DA:24,1
DA:29,1
DA:31,2
LF:8
LH:8
BRF:0
BRH:0
end_of_record
TN:
SF:pages/admin/category/new.vue
FN:82,(anonymous_3)
FN:96,(anonymous_4)
FN:99,(anonymous_5)
FN:109,(anonymous_6)
FN:76,(anonymous_7)
FNF:5
FNH:4
FNDA:4,(anonymous_3)
FNDA:1,(anonymous_4)
FNDA:1,(anonymous_5)
FNDA:1,(anonymous_6)
FNDA:0,(anonymous_7)
DA:67,1
DA:68,1
DA:69,1
DA:70,1
DA:71,1
DA:73,1
DA:77,0
DA:82,1
DA:84,4
DA:85,1
DA:88,4
DA:89,4
DA:90,4
DA:91,4
DA:92,4
DA:93,4
DA:94,4
DA:95,4
DA:96,1
DA:100,1
DA:101,1
DA:102,1
DA:103,1
DA:105,0
DA:110,1
LF:25
LH:23
BRDA:96,0,0,1
BRDA:96,0,1,1
BRF:2
BRH:2
end_of_record
TN:
SF:pages/tutorials/index.vue
FN:91,(anonymous_2)
FN:97,(anonymous_3)
FN:101,(anonymous_4)
FN:80,(anonymous_5)
FNF:4
FNH:4
FNDA:4,(anonymous_2)
FNDA:1,(anonymous_3)
FNDA:1,(anonymous_4)
FNDA:2,(anonymous_5)
DA:76,1
DA:81,2
DA:82,2
DA:83,1
DA:85,1
DA:87,1
DA:91,1
DA:92,4
DA:93,4
DA:94,4
DA:95,4
DA:98,1
DA:102,1
LF:13
LH:13
BRF:0
BRH:0
end_of_record
TN:
SF:pages/tutorials/article/_id.vue
FN:106,(anonymous_3)
FN:121,(anonymous_4)
FN:125,(anonymous_5)
FN:77,(anonymous_6)
FN:87,(anonymous_7)
FNF:5
FNH:3
FNDA:4,(anonymous_3)
FNDA:0,(anonymous_4)
FNDA:1,(anonymous_5)
FNDA:3,(anonymous_6)
FNDA:0,(anonymous_7)
DA:69,1
DA:70,1
DA:71,1
DA:72,1
DA:74,1
DA:78,3
DA:79,3
DA:80,2
DA:82,2
DA:84,1
DA:88,0
DA:106,1
DA:107,4
DA:108,1
DA:110,4
DA:111,4
DA:112,4
DA:114,4
DA:122,0
DA:126,1
LF:20
LH:18
BRF:0
BRH:0
end_of_record
TN:
SF:pages/tutorials/category/_id.vue
FN:113,(anonymous_2)
FN:119,(anonymous_3)
FN:123,(anonymous_4)
FN:82,(anonymous_5)
FN:95,(anonymous_6)
FNF:5
FNH:4
FNDA:5,(anonymous_2)
FNDA:1,(anonymous_3)
FNDA:1,(anonymous_4)
FNDA:3,(anonymous_5)
FNDA:0,(anonymous_6)
DA:78,1
DA:83,3
DA:84,3
DA:85,2
DA:87,2
DA:88,2
DA:90,2
DA:92,1
DA:96,0
DA:113,1
DA:114,5
DA:115,5
DA:116,5
DA:117,5
DA:120,1
DA:124,1
LF:16
LH:15
BRF:0
BRH:0
end_of_record
TN:
SF:store/MainStore.ts
FN:11,(anonymous_1)
FN:27,(anonymous_2)
FN:32,(anonymous_3)
FN:36,(anonymous_4)
FN:40,(anonymous_5)
FN:44,(anonymous_6)
FN:49,(anonymous_7)
FN:53,(anonymous_8)
FN:59,(anonymous_9)
FNF:9
FNH:7
FNDA:17,(anonymous_1)
FNDA:2,(anonymous_2)
FNDA:3,(anonymous_3)
FNDA:1,(anonymous_4)
FNDA:1,(anonymous_5)
FNDA:0,(anonymous_6)
FNDA:1,(anonymous_7)
FNDA:0,(anonymous_8)
FNDA:1,(anonymous_9)
DA:1,14
DA:2,14
DA:5,14
DA:11,14
DA:12,17
DA:13,17
DA:14,17
DA:22,17
DA:27,14
DA:28,2
DA:32,14
DA:33,3
DA:37,1
DA:41,1
DA:45,0
DA:49,14
DA:50,1
DA:51,1
DA:53,1
DA:54,0
DA:59,14
DA:60,1
LF:22
LH:20
BRF:0
BRH:0
end_of_record
