TN:
SF:components/Base/BaseAvatar.vue
FN:42,(anonymous_3)
FN:51,(anonymous_4)
FN:57,(anonymous_5)
FN:61,(anonymous_6)
FNF:4
FNH:0
FNDA:0,(anonymous_3)
FNDA:0,(anonymous_4)
FNDA:0,(anonymous_5)
FNDA:0,(anonymous_6)
DA:34,0
DA:35,0
DA:42,0
DA:43,0
DA:44,0
DA:45,0
DA:46,0
DA:47,0
DA:49,0
DA:52,0
DA:58,0
DA:62,0
DA:64,0
LF:13
LH:0
BRDA:52,0,0,0
BRDA:52,0,1,0
BRF:2
BRH:0
end_of_record
TN:
SF:components/Base/BaseBtn.vue
FN:20,(anonymous_2)
FNF:1
FNH:0
FNDA:0,(anonymous_2)
DA:17,0
DA:20,0
DA:21,0
DA:22,0
DA:23,0
DA:24,0
LF:6
LH:0
BRF:0
BRH:0
end_of_record
TN:
SF:components/Base/BaseIcon.vue
FNF:0
FNH:0
DA:8,0
DA:11,0
DA:12,0
LF:3
LH:0
BRF:0
BRH:0
end_of_record
TN:
SF:components/Base/BaseImage.vue
FNF:0
FNH:0
DA:11,0
DA:14,0
LF:2
LH:0
BRF:0
BRH:0
end_of_record
TN:
SF:components/Base/BaseInformation.vue
FN:62,(anonymous_3)
FN:66,(anonymous_4)
FN:70,(anonymous_5)
FN:74,(anonymous_6)
FN:78,(anonymous_7)
FN:82,(anonymous_8)
FN:86,(anonymous_9)
FN:90,(anonymous_10)
FN:94,(anonymous_11)
FN:98,(anonymous_12)
FNF:10
FNH:0
FNDA:0,(anonymous_3)
FNDA:0,(anonymous_4)
FNDA:0,(anonymous_5)
FNDA:0,(anonymous_6)
FNDA:0,(anonymous_7)
FNDA:0,(anonymous_8)
FNDA:0,(anonymous_9)
FNDA:0,(anonymous_10)
FNDA:0,(anonymous_11)
FNDA:0,(anonymous_12)
DA:44,0
DA:45,0
DA:50,0
DA:51,0
DA:52,0
DA:53,0
DA:54,0
DA:55,0
DA:56,0
DA:57,0
DA:58,0
DA:59,0
DA:60,0
DA:63,0
DA:67,0
DA:71,0
DA:75,0
DA:79,0
DA:83,0
DA:87,0
DA:91,0
DA:95,0
DA:99,0
LF:23
LH:0
BRF:0
BRH:0
end_of_record
TN:
SF:components/Blog/BlogInformation.vue
FN:84,(anonymous_3)
FN:197,(anonymous_4)
FNF:2
FNH:0
FNDA:0,(anonymous_3)
FNDA:0,(anonymous_4)
DA:76,0
DA:77,0
DA:84,0
DA:85,0
DA:198,0
LF:5
LH:0
BRDA:198,0,0,0
BRDA:198,0,1,0
BRF:2
BRH:0
end_of_record
TN:
SF:components/Blog/Presentation.vue
FN:106,(anonymous_3)
FN:111,(anonymous_4)
FN:115,(anonymous_5)
FN:126,(anonymous_6)
FN:138,(anonymous_7)
FNF:5
FNH:0
FNDA:0,(anonymous_3)
FNDA:0,(anonymous_4)
FNDA:0,(anonymous_5)
FNDA:0,(anonymous_6)
FNDA:0,(anonymous_7)
DA:100,0
DA:101,0
DA:103,0
DA:106,0
DA:107,0
DA:108,0
DA:110,0
DA:112,0
DA:116,0
DA:117,0
DA:119,0
DA:120,0
DA:122,0
DA:127,0
DA:129,0
DA:130,0
DA:131,0
DA:135,0
DA:139,0
LF:19
LH:0
BRDA:112,0,0,0
BRDA:112,0,1,0
BRDA:119,1,0,0
BRDA:119,1,1,0
BRDA:130,2,0,0
BRF:5
BRH:0
end_of_record
TN:
SF:components/Blog/Skills.vue
FN:47,(anonymous_3)
FN:50,(anonymous_4)
FNF:2
FNH:0
FNDA:0,(anonymous_3)
FNDA:0,(anonymous_4)
DA:38,0
DA:39,0
DA:40,0
DA:47,0
DA:48,0
DA:51,0
LF:6
LH:0
BRDA:51,0,0,0
BRDA:51,0,1,0
BRF:2
BRH:0
end_of_record
TN:
SF:components/Home/FadeView.vue
FNF:0
FNH:0
DA:10,0
DA:13,0
LF:2
LH:0
BRF:0
BRH:0
end_of_record
TN:
SF:components/Home/HomeAppBar.vue
FN:63,(anonymous_3)
FN:67,(anonymous_4)
FNF:2
FNH:0
FNDA:0,(anonymous_3)
FNDA:0,(anonymous_4)
DA:55,0
DA:56,0
DA:63,0
DA:65,0
DA:68,0
LF:5
LH:0
BRF:0
BRH:0
end_of_record
TN:
SF:components/Home/HomeArticleList.vue
FN:182,(anonymous_3)
FN:210,(anonymous_4)
FN:214,(anonymous_5)
FN:218,(anonymous_6)
FN:222,(anonymous_7)
FN:229,(anonymous_8)
FN:230,(anonymous_9)
FN:231,(anonymous_10)
FN:236,(anonymous_11)
FN:239,(anonymous_12)
FN:245,(anonymous_13)
FN:249,(anonymous_14)
FN:261,(anonymous_15)
FN:272,(anonymous_16)
FN:190,(anonymous_17)
FNF:15
FNH:0
FNDA:0,(anonymous_3)
FNDA:0,(anonymous_4)
FNDA:0,(anonymous_5)
FNDA:0,(anonymous_6)
FNDA:0,(anonymous_7)
FNDA:0,(anonymous_8)
FNDA:0,(anonymous_9)
FNDA:0,(anonymous_10)
FNDA:0,(anonymous_11)
FNDA:0,(anonymous_12)
FNDA:0,(anonymous_13)
FNDA:0,(anonymous_14)
FNDA:0,(anonymous_15)
FNDA:0,(anonymous_16)
FNDA:0,(anonymous_17)
DA:172,0
DA:173,0
DA:174,0
DA:177,0
DA:182,0
DA:184,0
DA:185,0
DA:187,0
DA:188,0
DA:189,0
DA:190,0
DA:191,0
DA:193,0
DA:194,0
DA:195,0
DA:196,0
DA:197,0
DA:198,0
DA:199,0
DA:205,0
DA:206,0
DA:207,0
DA:208,0
DA:211,0
DA:215,0
DA:219,0
DA:223,0
DA:224,0
DA:225,0
DA:226,0
DA:230,0
DA:231,0
DA:232,0
DA:236,0
DA:240,0
DA:241,0
DA:242,0
DA:246,0
DA:250,0
DA:251,0
DA:252,0
DA:253,0
DA:255,0
DA:257,0
DA:262,0
DA:263,0
DA:264,0
DA:266,0
DA:268,0
DA:273,0
DA:275,0
LF:51
LH:0
BRDA:266,0,0,0
BRDA:266,0,1,0
BRF:2
BRH:0
end_of_record
TN:
SF:components/Home/HomeCard.vue
FNF:0
FNH:0
DA:41,0
DA:44,0
DA:46,0
DA:47,0
DA:48,0
DA:49,0
LF:6
LH:0
BRF:0
BRH:0
end_of_record
TN:
SF:components/Home/HomeCategoryList.vue
FN:95,(anonymous_3)
FN:112,(anonymous_4)
FN:116,(anonymous_5)
FN:120,(anonymous_6)
FN:127,(anonymous_7)
FN:131,(anonymous_8)
FN:104,(anonymous_9)
FNF:7
FNH:0
FNDA:0,(anonymous_3)
FNDA:0,(anonymous_4)
FNDA:0,(anonymous_5)
FNDA:0,(anonymous_6)
FNDA:0,(anonymous_7)
FNDA:0,(anonymous_8)
FNDA:0,(anonymous_9)
DA:89,0
DA:90,0
DA:92,0
DA:95,0
DA:97,0
DA:98,0
DA:100,0
DA:101,0
DA:102,0
DA:103,0
DA:104,0
DA:106,0
DA:107,0
DA:108,0
DA:109,0
DA:110,0
DA:113,0
DA:117,0
DA:121,0
DA:122,0
DA:123,0
DA:124,0
DA:128,0
DA:132,0
DA:133,0
DA:134,0
DA:135,0
DA:136,0
DA:138,0
LF:29
LH:0
BRF:0
BRH:0
end_of_record
TN:
SF:components/Home/HomeDrawer.vue
FNF:0
FNH:0
DA:34,0
DA:37,0
DA:39,0
LF:3
LH:0
BRF:0
BRH:0
end_of_record
TN:
SF:components/Home/HomeFooter.vue
FN:57,(anonymous_2)
FNF:1
FNH:0
FNDA:0,(anonymous_2)
DA:53,0
DA:56,0
DA:58,0
LF:3
LH:0
BRF:0
BRH:0
end_of_record
TN:
SF:components/Home/HomeList.vue
FN:91,(anonymous_5)
FN:92,(anonymous_6)
FN:95,(anonymous_8)
FN:99,(anonymous_9)
FN:88,(anonymous_10)
FNF:5
FNH:0
FNDA:0,(anonymous_5)
FNDA:0,(anonymous_6)
FNDA:0,(anonymous_8)
FNDA:0,(anonymous_9)
FNDA:0,(anonymous_10)
DA:78,0
DA:81,0
DA:82,0
DA:83,0
DA:84,0
DA:85,0
DA:86,0
DA:87,0
DA:88,0
DA:89,0
DA:92,0
DA:96,0
DA:100,0
LF:13
LH:0
BRF:0
BRH:0
end_of_record
TN:
SF:components/Home/HomeNew.vue
FN:68,(anonymous_2)
FN:72,(anonymous_3)
FN:64,(anonymous_4)
FNF:3
FNH:0
FNDA:0,(anonymous_2)
FNDA:0,(anonymous_3)
FNDA:0,(anonymous_4)
DA:55,0
DA:58,0
DA:60,0
DA:61,0
DA:62,0
DA:63,0
DA:64,0
DA:65,0
DA:66,0
DA:69,0
DA:73,0
LF:11
LH:0
BRF:0
BRH:0
end_of_record
TN:
SF:components/Home/Login.vue
FN:78,(anonymous_3)
FN:88,(anonymous_4)
FN:89,(anonymous_5)
FN:90,(anonymous_6)
FN:97,(anonymous_7)
FN:101,(anonymous_8)
FN:108,(anonymous_9)
FN:120,(anonymous_10)
FN:125,(anonymous_11)
FNF:9
FNH:0
FNDA:0,(anonymous_3)
FNDA:0,(anonymous_4)
FNDA:0,(anonymous_5)
FNDA:0,(anonymous_6)
FNDA:0,(anonymous_7)
FNDA:0,(anonymous_8)
FNDA:0,(anonymous_9)
FNDA:0,(anonymous_10)
FNDA:0,(anonymous_11)
DA:72,0
DA:73,0
DA:75,0
DA:78,0
DA:80,0
DA:81,0
DA:84,0
DA:85,0
DA:86,0
DA:87,0
DA:88,0
DA:89,0
DA:90,0
DA:93,0
DA:94,0
DA:95,0
DA:98,0
DA:102,0
DA:104,0
DA:105,0
DA:109,0
DA:110,0
DA:111,0
DA:113,0
DA:114,0
DA:116,0
DA:121,0
DA:125,0
DA:126,0
LF:29
LH:0
BRDA:88,0,0,0
BRDA:88,0,1,0
BRDA:89,1,0,0
BRDA:89,1,1,0
BRDA:89,1,2,0
BRDA:90,2,0,0
BRDA:90,2,1,0
BRF:7
BRH:0
end_of_record
TN:
SF:components/Home/Register.vue
FN:69,(anonymous_2)
FN:76,(anonymous_3)
FN:77,(anonymous_4)
FN:78,(anonymous_5)
FN:85,(anonymous_6)
FN:86,(anonymous_7)
FN:89,(anonymous_8)
FNF:7
FNH:0
FNDA:0,(anonymous_2)
FNDA:0,(anonymous_3)
FNDA:0,(anonymous_4)
FNDA:0,(anonymous_5)
FNDA:0,(anonymous_6)
FNDA:0,(anonymous_7)
FNDA:0,(anonymous_8)
DA:66,0
DA:69,0
DA:71,0
DA:72,0
DA:73,0
DA:74,0
DA:75,0
DA:76,0
DA:77,0
DA:78,0
DA:81,0
DA:82,0
DA:83,0
DA:86,0
DA:90,0
LF:15
LH:0
BRDA:76,0,0,0
BRDA:76,0,1,0
BRDA:77,1,0,0
BRDA:77,1,1,0
BRDA:78,2,0,0
BRDA:78,2,1,0
BRDA:78,2,2,0
BRDA:86,3,0,0
BRDA:86,3,1,0
BRF:9
BRH:0
end_of_record
TN:
SF:layouts/default.vue
FN:55,(anonymous_3)
FN:63,(anonymous_4)
FN:68,(anonymous_5)
FN:73,(anonymous_6)
FNF:4
FNH:0
FNDA:0,(anonymous_3)
FNDA:0,(anonymous_4)
FNDA:0,(anonymous_5)
FNDA:0,(anonymous_6)
DA:42,0
DA:43,0
DA:44,0
DA:46,0
DA:48,0
DA:55,0
DA:56,0
DA:57,0
DA:58,0
DA:59,0
DA:61,0
DA:64,0
DA:68,0
DA:69,0
DA:73,0
DA:74,0
DA:75,0
LF:17
LH:0
BRDA:74,0,0,0
BRF:1
BRH:0
end_of_record
TN:
SF:layouts/error.vue
FN:550,(anonymous_2)
FN:557,(anonymous_3)
FNF:2
FNH:0
FNDA:0,(anonymous_2)
FNDA:0,(anonymous_3)
DA:547,0
DA:550,0
DA:551,0
DA:553,0
DA:554,0
DA:555,0
DA:558,0
LF:7
LH:0
BRDA:558,0,0,0
BRDA:558,0,1,0
BRF:2
BRH:0
end_of_record
TN:
SF:pages/authenticate.vue
FN:50,(anonymous_3)
FNF:1
FNH:0
FNDA:0,(anonymous_3)
DA:41,0
DA:42,0
DA:43,0
DA:50,0
DA:51,0
DA:52,0
DA:53,0
LF:7
LH:0
BRF:0
BRH:0
end_of_record
TN:
SF:pages/index.vue
FNF:0
FNH:0
DA:10,0
DA:11,0
DA:12,0
DA:13,0
DA:20,0
LF:5
LH:0
BRF:0
BRH:0
end_of_record
TN:
SF:pages/redirect.vue
FN:547,(anonymous_2)
FNF:1
FNH:0
FNDA:0,(anonymous_2)
DA:543,0
DA:546,0
DA:548,0
DA:550,0
LF:4
LH:0
BRDA:548,0,0,0
BRDA:548,0,1,0
BRF:2
BRH:0
end_of_record
TN:
SF:pages/admin/cards.vue
FN:34,(anonymous_3)
FNF:1
FNH:0
FNDA:0,(anonymous_3)
DA:27,0
DA:28,0
DA:34,0
DA:35,0
DA:36,0
DA:37,0
DA:38,0
LF:7
LH:0
BRF:0
BRH:0
end_of_record
TN:
SF:pages/admin/index.vue
FN:53,(anonymous_3)
FN:66,(anonymous_4)
FN:74,(anonymous_5)
FN:77,(anonymous_6)
FNF:4
FNH:0
FNDA:0,(anonymous_3)
FNDA:0,(anonymous_4)
FNDA:0,(anonymous_5)
FNDA:0,(anonymous_6)
DA:42,0
DA:43,0
DA:44,0
DA:46,0
DA:53,0
DA:54,0
DA:55,0
DA:57,0
DA:58,0
DA:59,0
DA:60,0
DA:61,0
DA:62,0
DA:67,0
DA:69,0
DA:70,0
DA:75,0
DA:77,0
DA:80,0
DA:82,0
DA:83,0
DA:85,0
LF:22
LH:0
BRDA:69,0,0,0
BRDA:69,1,0,0
BRDA:69,1,1,0
BRDA:82,2,0,0
BRDA:82,2,1,0
BRDA:82,3,0,0
BRDA:82,3,1,0
BRF:7
BRH:0
end_of_record
TN:
SF:pages/admin/article/_id.vue
FN:131,(anonymous_3)
FN:146,(anonymous_4)
FN:147,(anonymous_5)
FN:166,(anonymous_6)
FN:170,(anonymous_7)
FN:174,(anonymous_8)
FN:189,(anonymous_9)
FN:191,(anonymous_10)
FN:196,(anonymous_11)
FN:207,(anonymous_12)
FN:117,(anonymous_13)
FNF:11
FNH:0
FNDA:0,(anonymous_3)
FNDA:0,(anonymous_4)
FNDA:0,(anonymous_5)
FNDA:0,(anonymous_6)
FNDA:0,(anonymous_7)
FNDA:0,(anonymous_8)
FNDA:0,(anonymous_9)
FNDA:0,(anonymous_10)
FNDA:0,(anonymous_11)
FNDA:0,(anonymous_12)
FNDA:0,(anonymous_13)
DA:108,0
DA:109,0
DA:110,0
DA:111,0
DA:112,0
DA:114,0
DA:118,0
DA:119,0
DA:121,0
DA:122,0
DA:124,0
DA:126,0
DA:131,0
DA:132,0
DA:133,0
DA:136,0
DA:137,0
DA:138,0
DA:139,0
DA:140,0
DA:141,0
DA:142,0
DA:143,0
DA:144,0
DA:145,0
DA:146,0
DA:147,0
DA:150,0
DA:167,0
DA:171,0
DA:175,0
DA:176,0
DA:177,0
DA:179,0
DA:180,0
DA:181,0
DA:182,0
DA:184,0
DA:185,0
DA:190,0
DA:191,0
DA:194,0
DA:195,0
DA:198,0
DA:201,0
DA:207,0
DA:208,0
DA:209,0
LF:48
LH:0
BRDA:146,0,0,0
BRDA:146,0,1,0
BRDA:147,1,0,0
BRDA:147,1,1,0
BRDA:208,2,0,0
BRF:5
BRH:0
end_of_record
TN:
SF:pages/admin/article/index.vue
FN:29,(anonymous_3)
FN:20,(anonymous_4)
FNF:2
FNH:0
FNDA:0,(anonymous_3)
FNDA:0,(anonymous_4)
DA:15,0
DA:16,0
DA:17,0
DA:21,0
DA:22,0
DA:24,0
DA:29,0
DA:31,0
LF:8
LH:0
BRF:0
BRH:0
end_of_record
TN:
SF:pages/admin/article/new.vue
FN:127,(anonymous_3)
FN:143,(anonymous_4)
FN:144,(anonymous_5)
FN:154,(anonymous_6)
FN:162,(anonymous_7)
FN:166,(anonymous_8)
FN:180,(anonymous_9)
FN:116,(anonymous_10)
FNF:8
FNH:2
FNDA:5,(anonymous_3)
FNDA:0,(anonymous_4)
FNDA:0,(anonymous_5)
FNDA:5,(anonymous_6)
FNDA:0,(anonymous_7)
FNDA:0,(anonymous_8)
FNDA:0,(anonymous_9)
FNDA:0,(anonymous_10)
DA:107,1
DA:108,1
DA:109,1
DA:110,1
DA:111,1
DA:113,1
DA:117,0
DA:119,0
DA:120,0
DA:122,0
DA:127,1
DA:129,5
DA:130,1
DA:132,1
DA:134,5
DA:135,5
DA:136,5
DA:137,5
DA:138,5
DA:139,5
DA:140,5
DA:141,5
DA:142,5
DA:143,0
DA:144,0
DA:147,5
DA:156,5
DA:158,0
DA:163,0
DA:167,0
DA:168,0
DA:170,0
DA:171,0
DA:173,0
DA:175,0
DA:180,1
DA:181,0
DA:182,0
LF:38
LH:22
BRDA:143,0,0,0
BRDA:143,0,1,0
BRDA:144,1,0,0
BRDA:144,1,1,0
BRDA:181,2,0,0
BRF:5
BRH:0
end_of_record
TN:
SF:pages/admin/category/_id.vue
FN:85,(anonymous_3)
FN:100,(anonymous_4)
FN:103,(anonymous_5)
FN:108,(anonymous_6)
FN:112,(anonymous_7)
FN:122,(anonymous_8)
FN:75,(anonymous_9)
FNF:7
FNH:0
FNDA:0,(anonymous_3)
FNDA:0,(anonymous_4)
FNDA:0,(anonymous_5)
FNDA:0,(anonymous_6)
FNDA:0,(anonymous_7)
FNDA:0,(anonymous_8)
FNDA:0,(anonymous_9)
DA:66,0
DA:67,0
DA:68,0
DA:69,0
DA:70,0
DA:72,0
DA:76,0
DA:77,0
DA:78,0
DA:80,0
DA:85,0
DA:87,0
DA:88,0
DA:91,0
DA:92,0
DA:93,0
DA:94,0
DA:95,0
DA:96,0
DA:97,0
DA:98,0
DA:99,0
DA:100,0
DA:104,0
DA:105,0
DA:109,0
DA:113,0
DA:114,0
DA:115,0
DA:116,0
DA:118,0
DA:123,0
LF:32
LH:0
BRDA:100,0,0,0
BRDA:100,0,1,0
BRF:2
BRH:0
end_of_record
TN:
SF:pages/admin/category/index.vue
FN:29,(anonymous_3)
FN:19,(anonymous_4)
FNF:2
FNH:0
FNDA:0,(anonymous_3)
FNDA:0,(anonymous_4)
DA:15,0
DA:16,0
DA:20,0
DA:21,0
DA:22,0
DA:24,0
DA:29,0
DA:31,0
LF:8
LH:0
BRF:0
BRH:0
end_of_record
TN:
SF:pages/admin/category/new.vue
FN:82,(anonymous_3)
FN:97,(anonymous_4)
FN:100,(anonymous_5)
FN:108,(anonymous_6)
FN:121,(anonymous_7)
FN:76,(anonymous_8)
FNF:6
FNH:0
FNDA:0,(anonymous_3)
FNDA:0,(anonymous_4)
FNDA:0,(anonymous_5)
FNDA:0,(anonymous_6)
FNDA:0,(anonymous_7)
FNDA:0,(anonymous_8)
DA:67,0
DA:68,0
DA:69,0
DA:70,0
DA:71,0
DA:73,0
DA:77,0
DA:82,0
DA:84,0
DA:85,0
DA:87,0
DA:89,0
DA:90,0
DA:91,0
DA:92,0
DA:93,0
DA:94,0
DA:95,0
DA:96,0
DA:97,0
DA:101,0
DA:102,0
DA:104,0
DA:109,0
DA:110,0
DA:112,0
DA:113,0
DA:115,0
DA:117,0
DA:122,0
LF:30
LH:0
BRDA:97,0,0,0
BRDA:97,0,1,0
BRF:2
BRH:0
end_of_record
TN:
SF:pages/tutorials/index.vue
FN:91,(anonymous_2)
FN:97,(anonymous_3)
FN:101,(anonymous_4)
FN:80,(anonymous_5)
FNF:4
FNH:0
FNDA:0,(anonymous_2)
FNDA:0,(anonymous_3)
FNDA:0,(anonymous_4)
FNDA:0,(anonymous_5)
DA:76,0
DA:81,0
DA:82,0
DA:83,0
DA:85,0
DA:87,0
DA:91,0
DA:92,0
DA:93,0
DA:94,0
DA:95,0
DA:98,0
DA:102,0
LF:13
LH:0
BRF:0
BRH:0
end_of_record
TN:
SF:pages/tutorials/article/_id.vue
FN:106,(anonymous_3)
FN:121,(anonymous_4)
FN:125,(anonymous_5)
FN:77,(anonymous_6)
FN:87,(anonymous_7)
FNF:5
FNH:0
FNDA:0,(anonymous_3)
FNDA:0,(anonymous_4)
FNDA:0,(anonymous_5)
FNDA:0,(anonymous_6)
FNDA:0,(anonymous_7)
DA:69,0
DA:70,0
DA:71,0
DA:72,0
DA:74,0
DA:78,0
DA:79,0
DA:80,0
DA:82,0
DA:84,0
DA:88,0
DA:106,0
DA:107,0
DA:108,0
DA:110,0
DA:111,0
DA:112,0
DA:114,0
DA:122,0
DA:126,0
LF:20
LH:0
BRF:0
BRH:0
end_of_record
TN:
SF:pages/tutorials/category/_id.vue
FN:113,(anonymous_2)
FN:119,(anonymous_3)
FN:123,(anonymous_4)
FN:82,(anonymous_5)
FN:95,(anonymous_6)
FNF:5
FNH:0
FNDA:0,(anonymous_2)
FNDA:0,(anonymous_3)
FNDA:0,(anonymous_4)
FNDA:0,(anonymous_5)
FNDA:0,(anonymous_6)
DA:78,0
DA:83,0
DA:84,0
DA:85,0
DA:87,0
DA:88,0
DA:90,0
DA:92,0
DA:96,0
DA:113,0
DA:114,0
DA:115,0
DA:116,0
DA:117,0
DA:120,0
DA:124,0
LF:16
LH:0
BRF:0
BRH:0
end_of_record
TN:
SF:store/MainStore.ts
FN:11,(anonymous_1)
FN:27,(anonymous_2)
FN:32,(anonymous_3)
FN:36,(anonymous_4)
FN:40,(anonymous_5)
FN:44,(anonymous_6)
FN:49,(anonymous_7)
FN:53,(anonymous_8)
FN:59,(anonymous_9)
FNF:9
FNH:1
FNDA:1,(anonymous_1)
FNDA:0,(anonymous_2)
FNDA:0,(anonymous_3)
FNDA:0,(anonymous_4)
FNDA:0,(anonymous_5)
FNDA:0,(anonymous_6)
FNDA:0,(anonymous_7)
FNDA:0,(anonymous_8)
FNDA:0,(anonymous_9)
DA:1,1
DA:2,1
DA:5,1
DA:11,1
DA:12,1
DA:13,1
DA:14,1
DA:22,1
DA:27,1
DA:28,0
DA:32,1
DA:33,0
DA:37,0
DA:41,0
DA:45,0
DA:49,1
DA:50,0
DA:51,0
DA:53,0
DA:54,0
DA:59,1
DA:60,0
LF:22
LH:12
BRF:0
BRH:0
end_of_record
